#
# A fatal error has been detected by the Java Runtime Environment:
#
#  EXCEPTION_ACCESS_VIOLATION (0xc0000005) at pc=0x00007ffd78367aa0, pid=8712, tid=9104
#
# JRE version: OpenJDK Runtime Environment Zulu13.46+15-CA (13.0.10+5) (build 13.0.10+5-MTS)
# Java VM: OpenJDK 64-Bit Server VM Zulu13.46+15-CA (13.0.10+5-MTS, mixed mode, sharing, tiered, compressed oops, g1 gc, windows-amd64)
# Problematic frame:
# V  [jvm.dll+0x107aa0]
#
# No core dump will be written. Minidumps are not enabled by default on client versions of Windows
#
# If you would like to submit a bug report, please visit:
#   http://www.azul.com/support/
#

---------------  S U M M A R Y ------------

Command Line: -javaagent:C:\Automatyka\IDEA\IntelliJ IDEA Community Edition 2021.3.3\lib\idea_rt.jar=64736:C:\Automatyka\IDEA\IntelliJ IDEA Community Edition 2021.3.3\bin -Dfile.encoding=UTF-8 app.aplication

Host: Intel(R) Core(TM) i5-8265U CPU @ 1.60GHz, 8 cores, 15G,  Windows 10 , 64 bit Build 18362 (10.0.18362.329)
Time: Wed Apr  6 07:30:01 2022 ?rodkowoeuropejski czas letni elapsed time: 2.661772 seconds (0d 0h 0m 2s)

---------------  T H R E A D  ---------------

Current thread (0x000001d0d3607000):  JavaThread "Thread-1" [_thread_in_vm, id=9104, stack(0x0000009cb9000000,0x0000009cb9100000)]

Stack: [0x0000009cb9000000,0x0000009cb9100000],  sp=0x0000009cb90fec28,  free space=1019k
Native frames: (J=compiled Java code, j=interpreted, Vv=VM code, C=native code)
V  [jvm.dll+0x107aa0]

Java frames: (J=compiled Java code, j=interpreted, Vv=VM code)
j  com.fazecast.jSerialComm.SerialPort.readBytes(J[BJJII)I+0
j  com.fazecast.jSerialComm.SerialPort.readBytes([BJ)I+25
j  app.app$1$1.serialEvent(Lcom/fazecast/jSerialComm/SerialPortEvent;)V+28
j  com.fazecast.jSerialComm.SerialPort$SerialPortEventListener.waitForSerialEvent()V+602
j  com.fazecast.jSerialComm.SerialPort$SerialPortEventListener$1.run()V+17
j  java.lang.Thread.run()V+11 java.base@13.0.10
v  ~StubRoutines::call_stub

siginfo: EXCEPTION_ACCESS_VIOLATION (0xc0000005), reading address 0x0000000000000000


Register to memory mapping:

RIP=0x00007ffd78367aa0 jvm.dll
RAX=0x0 is NULL
RBX=0x000001d0d3607000 is a thread
RCX=0x0 is NULL
RDX=0x0000000000000006 is an unknown value
RSP=0x0000009cb90fec28 is pointing into the stack for thread: 0x000001d0d3607000
RBP=0x0 is NULL
RSI=0x000001d0d3607000 is a thread
RDI=0x0 is NULL
R8 =0x0 is NULL
R9 =0x000000000000000a is an unknown value
R10=0x00007ffd78ce2540 jvm.dll
R11=0x0000000000000246 is an unknown value
R12=0x0 is NULL
R13={method} {0x000001d0d2245488} 'readBytes' '(J[BJJII)I' in 'com/fazecast/jSerialComm/SerialPort'
R14=0x000000000000000a is an unknown value
R15=0x0 is NULL


Registers:
RAX=0x0000000000000000, RBX=0x000001d0d3607000, RCX=0x0000000000000000, RDX=0x0000000000000006
RSP=0x0000009cb90fec28, RBP=0x0000000000000000, RSI=0x000001d0d3607000, RDI=0x0000000000000000
R8 =0x0000000000000000, R9 =0x000000000000000a, R10=0x00007ffd78ce2540, R11=0x0000000000000246
R12=0x0000000000000000, R13=0x000001d0d2245480, R14=0x000000000000000a, R15=0x0000000000000000
RIP=0x00007ffd78367aa0, EFLAGS=0x0000000000010246

Top of Stack: (sp=0x0000009cb90fec28)
0x0000009cb90fec28:   00007ffd7862ca2d 000001d0d3607000
0x0000009cb90fec38:   0000000000000001 000001d0d3607318
0x0000009cb90fec48:   0000000000000754 000001d0d3607000
0x0000009cb90fec58:   0000000000000000 0000000000000000
0x0000009cb90fec68:   000001d0d2245480 000001d0d3607000
0x0000009cb90fec78:   0000009cb90fee18 0000000000000000
0x0000009cb90fec88:   00007ffdd4893b9a 000001d0d3492640
0x0000009cb90fec98:   0000000000000000 000001d0d3607318
0x0000009cb90feca8:   0000000000000001 000001d0d361c0b0
0x0000009cb90fecb8:   000001d0b67ef260 0000000000000000
0x0000009cb90fecc8:   000000000000000a 0000000000000000
0x0000009cb90fecd8:   0000000000000754 00000000000006ac
0x0000009cb90fece8:   000001d0b67ef417 000001d0d2245480
0x0000009cb90fecf8:   0000009cb90fedb0 0000000000000158
0x0000009cb90fed08:   00007ffd785de919 000000000000000a
0x0000009cb90fed18:   0000000000000000 000001d000000000 

Instructions: (pc=0x00007ffd78367aa0)
0x00007ffd783679a0:   48 8b ce 48 85 c0 74 03 48 8b 08 e8 a0 93 28 00
0x00007ffd783679b0:   48 8b 44 24 48 48 85 c0 74 03 48 8b 30 33 d2 48
0x00007ffd783679c0:   89 b7 f0 02 00 00 48 8b cf e8 b2 5b 69 00 48 8b
0x00007ffd783679d0:   cf e8 6a de 69 00 48 85 db 74 08 48 8b cb e8 dd
0x00007ffd783679e0:   d2 4f 00 48 8d 4c 24 58 e8 03 b4 1c 00 48 8b 8c
0x00007ffd783679f0:   24 80 00 00 00 48 33 cc e8 e3 8a 70 00 4c 8d 9c
0x00007ffd78367a00:   24 90 00 00 00 49 8b 5b 18 49 8b 73 20 49 8b e3
0x00007ffd78367a10:   5f c3 cc cc cc cc cc cc cc cc cc cc cc cc cc cc
0x00007ffd78367a20:   48 89 4c 24 08 48 89 54 24 10 4c 89 44 24 18 4c
0x00007ffd78367a30:   89 4c 24 20 48 83 ec 28 4c 8b c1 4c 8d 4c 24 38
0x00007ffd78367a40:   48 8d 0d 59 9c 9d 00 ba 02 00 00 00 e8 4f 4c 43
0x00007ffd78367a50:   00 48 83 c4 28 c3 cc cc cc cc cc cc cc cc cc cc
0x00007ffd78367a60:   48 89 4c 24 08 48 89 54 24 10 4c 89 44 24 18 4c
0x00007ffd78367a70:   89 4c 24 20 48 83 ec 28 4c 8b c1 4c 8d 4c 24 38
0x00007ffd78367a80:   48 8d 0d 19 9c 9d 00 ba 05 00 00 00 e8 0f 4c 43
0x00007ffd78367a90:   00 48 83 c4 28 c3 cc cc cc cc cc cc cc cc cc cc
0x00007ffd78367aa0:   48 8b 01 c3 cc cc cc cc cc cc cc cc cc cc cc cc
0x00007ffd78367ab0:   48 89 5c 24 08 48 89 74 24 10 57 48 83 ec 20 48
0x00007ffd78367ac0:   8b f9 48 8b 9f d0 00 00 00 48 85 db 74 08 48 8b
0x00007ffd78367ad0:   cb e8 8a d0 4f 00 8b b7 d8 00 00 00 c1 ee 1d 40
0x00007ffd78367ae0:   80 e6 01 75 07 40 88 b7 ac 03 00 00 48 85 db 74
0x00007ffd78367af0:   08 48 8b cb e8 c7 d1 4f 00 40 84 f6 74 11 48 8b
0x00007ffd78367b00:   cf e8 5a a0 69 00 c6 87 ac 03 00 00 01 eb b3 48
0x00007ffd78367b10:   8b 5c 24 30 48 8b 74 24 38 48 83 c4 20 5f c3 cc
0x00007ffd78367b20:   4c 8b dc 53 56 48 81 ec a8 00 00 00 48 8b 05 b5
0x00007ffd78367b30:   ee 9a 00 48 33 c4 48 89 44 24 78 65 48 8b 04 25
0x00007ffd78367b40:   58 00 00 00 8b da 8b 15 48 d7 a4 00 49 89 6b 20
0x00007ffd78367b50:   4d 89 63 e0 4d 89 6b d8 4d 8b e8 48 8b 04 d0 4d
0x00007ffd78367b60:   89 73 d0 4c 8b f1 be 08 00 00 00 4d 89 7b c8 48
0x00007ffd78367b70:   8b 34 06 48 8b d6 48 8d 8e f8 02 00 00 e8 de 2c
0x00007ffd78367b80:   1d 00 c7 86 90 03 00 00 07 00 00 00 e8 6f dc 51
0x00007ffd78367b90:   00 83 3d 98 c6 a1 00 01 75 0e 48 8b 86 08 01 00 


Stack slot to memory mapping:
stack at sp + 0 slots: 0x00007ffd7862ca2d jvm.dll
stack at sp + 1 slots: 0x000001d0d3607000 is a thread
stack at sp + 2 slots: 0x0000000000000001 is an unknown value
stack at sp + 3 slots: 0x000001d0d3607318 points into unknown readable memory: 40 25 ce 78 fd 7f 00 00
stack at sp + 4 slots: 0x0000000000000754 is an unknown value
stack at sp + 5 slots: 0x000001d0d3607000 is a thread
stack at sp + 6 slots: 0x0 is NULL
stack at sp + 7 slots: 0x0 is NULL


---------------  P R O C E S S  ---------------

Threads class SMR info:
_java_thread_list=0x000001d0d35fb160, length=17, elements={
0x000001d0d267e800, 0x000001d0d2682800, 0x000001d0d26a2800, 0x000001d0d26a3800,
0x000001d0d26a5000, 0x000001d0d26aa800, 0x000001d0d26b5800, 0x000001d0d26d1000,
0x000001d0d277f800, 0x000001d0d2809800, 0x000001d0d29ee000, 0x000001d0d338d800,
0x000001d0d33ba800, 0x000001d0d3433000, 0x000001d0adff8800, 0x000001d0d3607000,
0x000001d0d363b800
}

Java Threads: ( => current thread )
  0x000001d0d267e800 JavaThread "Reference Handler" daemon [_thread_blocked, id=5356, stack(0x0000009cb7e00000,0x0000009cb7f00000)]
  0x000001d0d2682800 JavaThread "Finalizer" daemon [_thread_blocked, id=11272, stack(0x0000009cb7f00000,0x0000009cb8000000)]
  0x000001d0d26a2800 JavaThread "Signal Dispatcher" daemon [_thread_blocked, id=6220, stack(0x0000009cb8000000,0x0000009cb8100000)]
  0x000001d0d26a3800 JavaThread "Attach Listener" daemon [_thread_blocked, id=9876, stack(0x0000009cb8100000,0x0000009cb8200000)]
  0x000001d0d26a5000 JavaThread "Service Thread" daemon [_thread_blocked, id=2216, stack(0x0000009cb8200000,0x0000009cb8300000)]
  0x000001d0d26aa800 JavaThread "C2 CompilerThread0" daemon [_thread_blocked, id=3172, stack(0x0000009cb8300000,0x0000009cb8400000)]
  0x000001d0d26b5800 JavaThread "C1 CompilerThread0" daemon [_thread_blocked, id=9820, stack(0x0000009cb8400000,0x0000009cb8500000)]
  0x000001d0d26d1000 JavaThread "Sweeper thread" daemon [_thread_blocked, id=4804, stack(0x0000009cb8500000,0x0000009cb8600000)]
  0x000001d0d277f800 JavaThread "Common-Cleaner" daemon [_thread_blocked, id=2488, stack(0x0000009cb8600000,0x0000009cb8700000)]
  0x000001d0d2809800 JavaThread "Monitor Ctrl-Break" daemon [_thread_in_native, id=8348, stack(0x0000009cb8700000,0x0000009cb8800000)]
  0x000001d0d29ee000 JavaThread "Java2D Disposer" daemon [_thread_blocked, id=7540, stack(0x0000009cb8900000,0x0000009cb8a00000)]
  0x000001d0d338d800 JavaThread "AWT-Shutdown" [_thread_blocked, id=4472, stack(0x0000009cb8a00000,0x0000009cb8b00000)]
  0x000001d0d33ba800 JavaThread "AWT-Windows" daemon [_thread_in_native, id=5256, stack(0x0000009cb8b00000,0x0000009cb8c00000)]
  0x000001d0d3433000 JavaThread "AWT-EventQueue-0" [_thread_blocked, id=10704, stack(0x0000009cb8c00000,0x0000009cb8d00000)]
  0x000001d0adff8800 JavaThread "DestroyJavaVM" [_thread_blocked, id=10940, stack(0x0000009cb7700000,0x0000009cb7800000)]
=>0x000001d0d3607000 JavaThread "Thread-1" [_thread_in_vm, id=9104, stack(0x0000009cb9000000,0x0000009cb9100000)]
  0x000001d0d363b800 JavaThread "TimerQueue" daemon [_thread_blocked, id=3264, stack(0x0000009cb9100000,0x0000009cb9200000)]

Other Threads:
  0x000001d0d267c000 VMThread "VM Thread" [stack: 0x0000009cb7d00000,0x0000009cb7e00000] [id=6500]
  0x000001d0d28b4800 WatcherThread [stack: 0x0000009cb8800000,0x0000009cb8900000] [id=5472]
  0x000001d0ae061000 GCTaskThread "GC Thread#0" [stack: 0x0000009cb7800000,0x0000009cb7900000] [id=6692]
  0x000001d0ae082800 ConcurrentGCThread "G1 Main Marker" [stack: 0x0000009cb7900000,0x0000009cb7a00000] [id=5444]
  0x000001d0ae084800 ConcurrentGCThread "G1 Conc#0" [stack: 0x0000009cb7a00000,0x0000009cb7b00000] [id=11384]
  0x000001d0d1ad3800 ConcurrentGCThread "G1 Refine#0" [stack: 0x0000009cb7b00000,0x0000009cb7c00000] [id=9788]
  0x000001d0d1ad4800 ConcurrentGCThread "G1 Young RemSet Sampling" [stack: 0x0000009cb7c00000,0x0000009cb7d00000] [id=288]

Threads with active compile tasks:

VM state:not at safepoint (normal execution)

VM Mutex/Monitor currently owned by a thread: None

Heap address: 0x0000000701a00000, size: 4070 MB, Compressed Oops mode: Zero based, Oop shift amount: 3
Narrow klass base: 0x0000000800000000, Narrow klass shift: 3
Compressed class space size: 1073741824 Address: 0x0000000800b50000

Heap:
 garbage-first heap   total 262144K, used 10240K [0x0000000701a00000, 0x0000000800000000)
  region size 1024K, 10 young (10240K), 0 survivors (0K)
 Metaspace       used 10415K, capacity 10687K, committed 10880K, reserved 1058816K
  class space    used 1240K, capacity 1359K, committed 1408K, reserved 1048576K
Heap Regions: E=young(eden), S=young(survivor), O=old, HS=humongous(starts), HC=humongous(continues), CS=collection set, F=free, A=archive, TAMS=top-at-mark-start (previous, next)
|   0|0x0000000701a00000, 0x0000000701b00000, 0x0000000701b00000|100%|HS|  |TAMS 0x0000000701a00000, 0x0000000701a00000| Complete 
|   1|0x0000000701b00000, 0x0000000701b00000, 0x0000000701c00000|  0%| F|  |TAMS 0x0000000701b00000, 0x0000000701b00000| Untracked 
|   2|0x0000000701c00000, 0x0000000701c00000, 0x0000000701d00000|  0%| F|  |TAMS 0x0000000701c00000, 0x0000000701c00000| Untracked 
|   3|0x0000000701d00000, 0x0000000701d00000, 0x0000000701e00000|  0%| F|  |TAMS 0x0000000701d00000, 0x0000000701d00000| Untracked 
|   4|0x0000000701e00000, 0x0000000701e00000, 0x0000000701f00000|  0%| F|  |TAMS 0x0000000701e00000, 0x0000000701e00000| Untracked 
|   5|0x0000000701f00000, 0x0000000701f00000, 0x0000000702000000|  0%| F|  |TAMS 0x0000000701f00000, 0x0000000701f00000| Untracked 
|   6|0x0000000702000000, 0x0000000702000000, 0x0000000702100000|  0%| F|  |TAMS 0x0000000702000000, 0x0000000702000000| Untracked 
|   7|0x0000000702100000, 0x0000000702100000, 0x0000000702200000|  0%| F|  |TAMS 0x0000000702100000, 0x0000000702100000| Untracked 
|   8|0x0000000702200000, 0x0000000702200000, 0x0000000702300000|  0%| F|  |TAMS 0x0000000702200000, 0x0000000702200000| Untracked 
|   9|0x0000000702300000, 0x0000000702300000, 0x0000000702400000|  0%| F|  |TAMS 0x0000000702300000, 0x0000000702300000| Untracked 
|  10|0x0000000702400000, 0x0000000702400000, 0x0000000702500000|  0%| F|  |TAMS 0x0000000702400000, 0x0000000702400000| Untracked 
|  11|0x0000000702500000, 0x0000000702500000, 0x0000000702600000|  0%| F|  |TAMS 0x0000000702500000, 0x0000000702500000| Untracked 
|  12|0x0000000702600000, 0x0000000702600000, 0x0000000702700000|  0%| F|  |TAMS 0x0000000702600000, 0x0000000702600000| Untracked 
|  13|0x0000000702700000, 0x0000000702700000, 0x0000000702800000|  0%| F|  |TAMS 0x0000000702700000, 0x0000000702700000| Untracked 
|  14|0x0000000702800000, 0x0000000702800000, 0x0000000702900000|  0%| F|  |TAMS 0x0000000702800000, 0x0000000702800000| Untracked 
|  15|0x0000000702900000, 0x0000000702900000, 0x0000000702a00000|  0%| F|  |TAMS 0x0000000702900000, 0x0000000702900000| Untracked 
|  16|0x0000000702a00000, 0x0000000702a00000, 0x0000000702b00000|  0%| F|  |TAMS 0x0000000702a00000, 0x0000000702a00000| Untracked 
|  17|0x0000000702b00000, 0x0000000702b00000, 0x0000000702c00000|  0%| F|  |TAMS 0x0000000702b00000, 0x0000000702b00000| Untracked 
|  18|0x0000000702c00000, 0x0000000702c00000, 0x0000000702d00000|  0%| F|  |TAMS 0x0000000702c00000, 0x0000000702c00000| Untracked 
|  19|0x0000000702d00000, 0x0000000702d00000, 0x0000000702e00000|  0%| F|  |TAMS 0x0000000702d00000, 0x0000000702d00000| Untracked 
|  20|0x0000000702e00000, 0x0000000702e00000, 0x0000000702f00000|  0%| F|  |TAMS 0x0000000702e00000, 0x0000000702e00000| Untracked 
|  21|0x0000000702f00000, 0x0000000702f00000, 0x0000000703000000|  0%| F|  |TAMS 0x0000000702f00000, 0x0000000702f00000| Untracked 
|  22|0x0000000703000000, 0x0000000703000000, 0x0000000703100000|  0%| F|  |TAMS 0x0000000703000000, 0x0000000703000000| Untracked 
|  23|0x0000000703100000, 0x0000000703100000, 0x0000000703200000|  0%| F|  |TAMS 0x0000000703100000, 0x0000000703100000| Untracked 
|  24|0x0000000703200000, 0x0000000703200000, 0x0000000703300000|  0%| F|  |TAMS 0x0000000703200000, 0x0000000703200000| Untracked 
|  25|0x0000000703300000, 0x0000000703300000, 0x0000000703400000|  0%| F|  |TAMS 0x0000000703300000, 0x0000000703300000| Untracked 
|  26|0x0000000703400000, 0x0000000703400000, 0x0000000703500000|  0%| F|  |TAMS 0x0000000703400000, 0x0000000703400000| Untracked 
|  27|0x0000000703500000, 0x0000000703500000, 0x0000000703600000|  0%| F|  |TAMS 0x0000000703500000, 0x0000000703500000| Untracked 
|  28|0x0000000703600000, 0x0000000703600000, 0x0000000703700000|  0%| F|  |TAMS 0x0000000703600000, 0x0000000703600000| Untracked 
|  29|0x0000000703700000, 0x0000000703700000, 0x0000000703800000|  0%| F|  |TAMS 0x0000000703700000, 0x0000000703700000| Untracked 
|  30|0x0000000703800000, 0x0000000703800000, 0x0000000703900000|  0%| F|  |TAMS 0x0000000703800000, 0x0000000703800000| Untracked 
|  31|0x0000000703900000, 0x0000000703900000, 0x0000000703a00000|  0%| F|  |TAMS 0x0000000703900000, 0x0000000703900000| Untracked 
|  32|0x0000000703a00000, 0x0000000703a00000, 0x0000000703b00000|  0%| F|  |TAMS 0x0000000703a00000, 0x0000000703a00000| Untracked 
|  33|0x0000000703b00000, 0x0000000703b00000, 0x0000000703c00000|  0%| F|  |TAMS 0x0000000703b00000, 0x0000000703b00000| Untracked 
|  34|0x0000000703c00000, 0x0000000703c00000, 0x0000000703d00000|  0%| F|  |TAMS 0x0000000703c00000, 0x0000000703c00000| Untracked 
|  35|0x0000000703d00000, 0x0000000703d00000, 0x0000000703e00000|  0%| F|  |TAMS 0x0000000703d00000, 0x0000000703d00000| Untracked 
|  36|0x0000000703e00000, 0x0000000703e00000, 0x0000000703f00000|  0%| F|  |TAMS 0x0000000703e00000, 0x0000000703e00000| Untracked 
|  37|0x0000000703f00000, 0x0000000703f00000, 0x0000000704000000|  0%| F|  |TAMS 0x0000000703f00000, 0x0000000703f00000| Untracked 
|  38|0x0000000704000000, 0x0000000704000000, 0x0000000704100000|  0%| F|  |TAMS 0x0000000704000000, 0x0000000704000000| Untracked 
|  39|0x0000000704100000, 0x0000000704100000, 0x0000000704200000|  0%| F|  |TAMS 0x0000000704100000, 0x0000000704100000| Untracked 
|  40|0x0000000704200000, 0x0000000704200000, 0x0000000704300000|  0%| F|  |TAMS 0x0000000704200000, 0x0000000704200000| Untracked 
|  41|0x0000000704300000, 0x0000000704300000, 0x0000000704400000|  0%| F|  |TAMS 0x0000000704300000, 0x0000000704300000| Untracked 
|  42|0x0000000704400000, 0x0000000704400000, 0x0000000704500000|  0%| F|  |TAMS 0x0000000704400000, 0x0000000704400000| Untracked 
|  43|0x0000000704500000, 0x0000000704500000, 0x0000000704600000|  0%| F|  |TAMS 0x0000000704500000, 0x0000000704500000| Untracked 
|  44|0x0000000704600000, 0x0000000704600000, 0x0000000704700000|  0%| F|  |TAMS 0x0000000704600000, 0x0000000704600000| Untracked 
|  45|0x0000000704700000, 0x0000000704700000, 0x0000000704800000|  0%| F|  |TAMS 0x0000000704700000, 0x0000000704700000| Untracked 
|  46|0x0000000704800000, 0x0000000704800000, 0x0000000704900000|  0%| F|  |TAMS 0x0000000704800000, 0x0000000704800000| Untracked 
|  47|0x0000000704900000, 0x0000000704900000, 0x0000000704a00000|  0%| F|  |TAMS 0x0000000704900000, 0x0000000704900000| Untracked 
|  48|0x0000000704a00000, 0x0000000704a00000, 0x0000000704b00000|  0%| F|  |TAMS 0x0000000704a00000, 0x0000000704a00000| Untracked 
|  49|0x0000000704b00000, 0x0000000704b00000, 0x0000000704c00000|  0%| F|  |TAMS 0x0000000704b00000, 0x0000000704b00000| Untracked 
|  50|0x0000000704c00000, 0x0000000704c00000, 0x0000000704d00000|  0%| F|  |TAMS 0x0000000704c00000, 0x0000000704c00000| Untracked 
|  51|0x0000000704d00000, 0x0000000704d00000, 0x0000000704e00000|  0%| F|  |TAMS 0x0000000704d00000, 0x0000000704d00000| Untracked 
|  52|0x0000000704e00000, 0x0000000704e00000, 0x0000000704f00000|  0%| F|  |TAMS 0x0000000704e00000, 0x0000000704e00000| Untracked 
|  53|0x0000000704f00000, 0x0000000704f00000, 0x0000000705000000|  0%| F|  |TAMS 0x0000000704f00000, 0x0000000704f00000| Untracked 
|  54|0x0000000705000000, 0x0000000705000000, 0x0000000705100000|  0%| F|  |TAMS 0x0000000705000000, 0x0000000705000000| Untracked 
|  55|0x0000000705100000, 0x0000000705100000, 0x0000000705200000|  0%| F|  |TAMS 0x0000000705100000, 0x0000000705100000| Untracked 
|  56|0x0000000705200000, 0x0000000705200000, 0x0000000705300000|  0%| F|  |TAMS 0x0000000705200000, 0x0000000705200000| Untracked 
|  57|0x0000000705300000, 0x0000000705300000, 0x0000000705400000|  0%| F|  |TAMS 0x0000000705300000, 0x0000000705300000| Untracked 
|  58|0x0000000705400000, 0x0000000705400000, 0x0000000705500000|  0%| F|  |TAMS 0x0000000705400000, 0x0000000705400000| Untracked 
|  59|0x0000000705500000, 0x0000000705500000, 0x0000000705600000|  0%| F|  |TAMS 0x0000000705500000, 0x0000000705500000| Untracked 
|  60|0x0000000705600000, 0x0000000705600000, 0x0000000705700000|  0%| F|  |TAMS 0x0000000705600000, 0x0000000705600000| Untracked 
|  61|0x0000000705700000, 0x0000000705700000, 0x0000000705800000|  0%| F|  |TAMS 0x0000000705700000, 0x0000000705700000| Untracked 
|  62|0x0000000705800000, 0x0000000705800000, 0x0000000705900000|  0%| F|  |TAMS 0x0000000705800000, 0x0000000705800000| Untracked 
|  63|0x0000000705900000, 0x0000000705900000, 0x0000000705a00000|  0%| F|  |TAMS 0x0000000705900000, 0x0000000705900000| Untracked 
|  64|0x0000000705a00000, 0x0000000705a00000, 0x0000000705b00000|  0%| F|  |TAMS 0x0000000705a00000, 0x0000000705a00000| Untracked 
|  65|0x0000000705b00000, 0x0000000705b00000, 0x0000000705c00000|  0%| F|  |TAMS 0x0000000705b00000, 0x0000000705b00000| Untracked 
|  66|0x0000000705c00000, 0x0000000705c00000, 0x0000000705d00000|  0%| F|  |TAMS 0x0000000705c00000, 0x0000000705c00000| Untracked 
|  67|0x0000000705d00000, 0x0000000705d00000, 0x0000000705e00000|  0%| F|  |TAMS 0x0000000705d00000, 0x0000000705d00000| Untracked 
|  68|0x0000000705e00000, 0x0000000705e00000, 0x0000000705f00000|  0%| F|  |TAMS 0x0000000705e00000, 0x0000000705e00000| Untracked 
|  69|0x0000000705f00000, 0x0000000705f00000, 0x0000000706000000|  0%| F|  |TAMS 0x0000000705f00000, 0x0000000705f00000| Untracked 
|  70|0x0000000706000000, 0x0000000706000000, 0x0000000706100000|  0%| F|  |TAMS 0x0000000706000000, 0x0000000706000000| Untracked 
|  71|0x0000000706100000, 0x0000000706100000, 0x0000000706200000|  0%| F|  |TAMS 0x0000000706100000, 0x0000000706100000| Untracked 
|  72|0x0000000706200000, 0x0000000706200000, 0x0000000706300000|  0%| F|  |TAMS 0x0000000706200000, 0x0000000706200000| Untracked 
|  73|0x0000000706300000, 0x0000000706300000, 0x0000000706400000|  0%| F|  |TAMS 0x0000000706300000, 0x0000000706300000| Untracked 
|  74|0x0000000706400000, 0x0000000706400000, 0x0000000706500000|  0%| F|  |TAMS 0x0000000706400000, 0x0000000706400000| Untracked 
|  75|0x0000000706500000, 0x0000000706500000, 0x0000000706600000|  0%| F|  |TAMS 0x0000000706500000, 0x0000000706500000| Untracked 
|  76|0x0000000706600000, 0x0000000706600000, 0x0000000706700000|  0%| F|  |TAMS 0x0000000706600000, 0x0000000706600000| Untracked 
|  77|0x0000000706700000, 0x0000000706700000, 0x0000000706800000|  0%| F|  |TAMS 0x0000000706700000, 0x0000000706700000| Untracked 
|  78|0x0000000706800000, 0x0000000706800000, 0x0000000706900000|  0%| F|  |TAMS 0x0000000706800000, 0x0000000706800000| Untracked 
|  79|0x0000000706900000, 0x0000000706900000, 0x0000000706a00000|  0%| F|  |TAMS 0x0000000706900000, 0x0000000706900000| Untracked 
|  80|0x0000000706a00000, 0x0000000706a00000, 0x0000000706b00000|  0%| F|  |TAMS 0x0000000706a00000, 0x0000000706a00000| Untracked 
|  81|0x0000000706b00000, 0x0000000706b00000, 0x0000000706c00000|  0%| F|  |TAMS 0x0000000706b00000, 0x0000000706b00000| Untracked 
|  82|0x0000000706c00000, 0x0000000706c00000, 0x0000000706d00000|  0%| F|  |TAMS 0x0000000706c00000, 0x0000000706c00000| Untracked 
|  83|0x0000000706d00000, 0x0000000706d00000, 0x0000000706e00000|  0%| F|  |TAMS 0x0000000706d00000, 0x0000000706d00000| Untracked 
|  84|0x0000000706e00000, 0x0000000706e00000, 0x0000000706f00000|  0%| F|  |TAMS 0x0000000706e00000, 0x0000000706e00000| Untracked 
|  85|0x0000000706f00000, 0x0000000706f00000, 0x0000000707000000|  0%| F|  |TAMS 0x0000000706f00000, 0x0000000706f00000| Untracked 
|  86|0x0000000707000000, 0x0000000707000000, 0x0000000707100000|  0%| F|  |TAMS 0x0000000707000000, 0x0000000707000000| Untracked 
|  87|0x0000000707100000, 0x0000000707100000, 0x0000000707200000|  0%| F|  |TAMS 0x0000000707100000, 0x0000000707100000| Untracked 
|  88|0x0000000707200000, 0x0000000707200000, 0x0000000707300000|  0%| F|  |TAMS 0x0000000707200000, 0x0000000707200000| Untracked 
|  89|0x0000000707300000, 0x0000000707300000, 0x0000000707400000|  0%| F|  |TAMS 0x0000000707300000, 0x0000000707300000| Untracked 
|  90|0x0000000707400000, 0x0000000707400000, 0x0000000707500000|  0%| F|  |TAMS 0x0000000707400000, 0x0000000707400000| Untracked 
|  91|0x0000000707500000, 0x0000000707500000, 0x0000000707600000|  0%| F|  |TAMS 0x0000000707500000, 0x0000000707500000| Untracked 
|  92|0x0000000707600000, 0x0000000707600000, 0x0000000707700000|  0%| F|  |TAMS 0x0000000707600000, 0x0000000707600000| Untracked 
|  93|0x0000000707700000, 0x0000000707700000, 0x0000000707800000|  0%| F|  |TAMS 0x0000000707700000, 0x0000000707700000| Untracked 
|  94|0x0000000707800000, 0x0000000707800000, 0x0000000707900000|  0%| F|  |TAMS 0x0000000707800000, 0x0000000707800000| Untracked 
|  95|0x0000000707900000, 0x0000000707900000, 0x0000000707a00000|  0%| F|  |TAMS 0x0000000707900000, 0x0000000707900000| Untracked 
|  96|0x0000000707a00000, 0x0000000707a00000, 0x0000000707b00000|  0%| F|  |TAMS 0x0000000707a00000, 0x0000000707a00000| Untracked 
|  97|0x0000000707b00000, 0x0000000707b00000, 0x0000000707c00000|  0%| F|  |TAMS 0x0000000707b00000, 0x0000000707b00000| Untracked 
|  98|0x0000000707c00000, 0x0000000707c00000, 0x0000000707d00000|  0%| F|  |TAMS 0x0000000707c00000, 0x0000000707c00000| Untracked 
|  99|0x0000000707d00000, 0x0000000707d00000, 0x0000000707e00000|  0%| F|  |TAMS 0x0000000707d00000, 0x0000000707d00000| Untracked 
| 100|0x0000000707e00000, 0x0000000707e00000, 0x0000000707f00000|  0%| F|  |TAMS 0x0000000707e00000, 0x0000000707e00000| Untracked 
| 101|0x0000000707f00000, 0x0000000707f00000, 0x0000000708000000|  0%| F|  |TAMS 0x0000000707f00000, 0x0000000707f00000| Untracked 
| 102|0x0000000708000000, 0x0000000708000000, 0x0000000708100000|  0%| F|  |TAMS 0x0000000708000000, 0x0000000708000000| Untracked 
| 103|0x0000000708100000, 0x0000000708100000, 0x0000000708200000|  0%| F|  |TAMS 0x0000000708100000, 0x0000000708100000| Untracked 
| 104|0x0000000708200000, 0x0000000708200000, 0x0000000708300000|  0%| F|  |TAMS 0x0000000708200000, 0x0000000708200000| Untracked 
| 105|0x0000000708300000, 0x0000000708300000, 0x0000000708400000|  0%| F|  |TAMS 0x0000000708300000, 0x0000000708300000| Untracked 
| 106|0x0000000708400000, 0x0000000708400000, 0x0000000708500000|  0%| F|  |TAMS 0x0000000708400000, 0x0000000708400000| Untracked 
| 107|0x0000000708500000, 0x0000000708500000, 0x0000000708600000|  0%| F|  |TAMS 0x0000000708500000, 0x0000000708500000| Untracked 
| 108|0x0000000708600000, 0x0000000708600000, 0x0000000708700000|  0%| F|  |TAMS 0x0000000708600000, 0x0000000708600000| Untracked 
| 109|0x0000000708700000, 0x0000000708700000, 0x0000000708800000|  0%| F|  |TAMS 0x0000000708700000, 0x0000000708700000| Untracked 
| 110|0x0000000708800000, 0x0000000708800000, 0x0000000708900000|  0%| F|  |TAMS 0x0000000708800000, 0x0000000708800000| Untracked 
| 111|0x0000000708900000, 0x0000000708900000, 0x0000000708a00000|  0%| F|  |TAMS 0x0000000708900000, 0x0000000708900000| Untracked 
| 112|0x0000000708a00000, 0x0000000708a00000, 0x0000000708b00000|  0%| F|  |TAMS 0x0000000708a00000, 0x0000000708a00000| Untracked 
| 113|0x0000000708b00000, 0x0000000708b00000, 0x0000000708c00000|  0%| F|  |TAMS 0x0000000708b00000, 0x0000000708b00000| Untracked 
| 114|0x0000000708c00000, 0x0000000708c00000, 0x0000000708d00000|  0%| F|  |TAMS 0x0000000708c00000, 0x0000000708c00000| Untracked 
| 115|0x0000000708d00000, 0x0000000708d00000, 0x0000000708e00000|  0%| F|  |TAMS 0x0000000708d00000, 0x0000000708d00000| Untracked 
| 116|0x0000000708e00000, 0x0000000708e00000, 0x0000000708f00000|  0%| F|  |TAMS 0x0000000708e00000, 0x0000000708e00000| Untracked 
| 117|0x0000000708f00000, 0x0000000708f00000, 0x0000000709000000|  0%| F|  |TAMS 0x0000000708f00000, 0x0000000708f00000| Untracked 
| 118|0x0000000709000000, 0x0000000709000000, 0x0000000709100000|  0%| F|  |TAMS 0x0000000709000000, 0x0000000709000000| Untracked 
| 119|0x0000000709100000, 0x0000000709100000, 0x0000000709200000|  0%| F|  |TAMS 0x0000000709100000, 0x0000000709100000| Untracked 
| 120|0x0000000709200000, 0x0000000709200000, 0x0000000709300000|  0%| F|  |TAMS 0x0000000709200000, 0x0000000709200000| Untracked 
| 121|0x0000000709300000, 0x0000000709300000, 0x0000000709400000|  0%| F|  |TAMS 0x0000000709300000, 0x0000000709300000| Untracked 
| 122|0x0000000709400000, 0x0000000709400000, 0x0000000709500000|  0%| F|  |TAMS 0x0000000709400000, 0x0000000709400000| Untracked 
| 123|0x0000000709500000, 0x0000000709500000, 0x0000000709600000|  0%| F|  |TAMS 0x0000000709500000, 0x0000000709500000| Untracked 
| 124|0x0000000709600000, 0x0000000709600000, 0x0000000709700000|  0%| F|  |TAMS 0x0000000709600000, 0x0000000709600000| Untracked 
| 125|0x0000000709700000, 0x0000000709700000, 0x0000000709800000|  0%| F|  |TAMS 0x0000000709700000, 0x0000000709700000| Untracked 
| 126|0x0000000709800000, 0x0000000709800000, 0x0000000709900000|  0%| F|  |TAMS 0x0000000709800000, 0x0000000709800000| Untracked 
| 127|0x0000000709900000, 0x0000000709900000, 0x0000000709a00000|  0%| F|  |TAMS 0x0000000709900000, 0x0000000709900000| Untracked 
| 128|0x0000000709a00000, 0x0000000709a00000, 0x0000000709b00000|  0%| F|  |TAMS 0x0000000709a00000, 0x0000000709a00000| Untracked 
| 129|0x0000000709b00000, 0x0000000709b00000, 0x0000000709c00000|  0%| F|  |TAMS 0x0000000709b00000, 0x0000000709b00000| Untracked 
| 130|0x0000000709c00000, 0x0000000709c00000, 0x0000000709d00000|  0%| F|  |TAMS 0x0000000709c00000, 0x0000000709c00000| Untracked 
| 131|0x0000000709d00000, 0x0000000709d00000, 0x0000000709e00000|  0%| F|  |TAMS 0x0000000709d00000, 0x0000000709d00000| Untracked 
| 132|0x0000000709e00000, 0x0000000709e00000, 0x0000000709f00000|  0%| F|  |TAMS 0x0000000709e00000, 0x0000000709e00000| Untracked 
| 133|0x0000000709f00000, 0x0000000709f00000, 0x000000070a000000|  0%| F|  |TAMS 0x0000000709f00000, 0x0000000709f00000| Untracked 
| 134|0x000000070a000000, 0x000000070a000000, 0x000000070a100000|  0%| F|  |TAMS 0x000000070a000000, 0x000000070a000000| Untracked 
| 135|0x000000070a100000, 0x000000070a100000, 0x000000070a200000|  0%| F|  |TAMS 0x000000070a100000, 0x000000070a100000| Untracked 
| 136|0x000000070a200000, 0x000000070a200000, 0x000000070a300000|  0%| F|  |TAMS 0x000000070a200000, 0x000000070a200000| Untracked 
| 137|0x000000070a300000, 0x000000070a300000, 0x000000070a400000|  0%| F|  |TAMS 0x000000070a300000, 0x000000070a300000| Untracked 
| 138|0x000000070a400000, 0x000000070a400000, 0x000000070a500000|  0%| F|  |TAMS 0x000000070a400000, 0x000000070a400000| Untracked 
| 139|0x000000070a500000, 0x000000070a500000, 0x000000070a600000|  0%| F|  |TAMS 0x000000070a500000, 0x000000070a500000| Untracked 
| 140|0x000000070a600000, 0x000000070a600000, 0x000000070a700000|  0%| F|  |TAMS 0x000000070a600000, 0x000000070a600000| Untracked 
| 141|0x000000070a700000, 0x000000070a700000, 0x000000070a800000|  0%| F|  |TAMS 0x000000070a700000, 0x000000070a700000| Untracked 
| 142|0x000000070a800000, 0x000000070a800000, 0x000000070a900000|  0%| F|  |TAMS 0x000000070a800000, 0x000000070a800000| Untracked 
| 143|0x000000070a900000, 0x000000070a900000, 0x000000070aa00000|  0%| F|  |TAMS 0x000000070a900000, 0x000000070a900000| Untracked 
| 144|0x000000070aa00000, 0x000000070aa00000, 0x000000070ab00000|  0%| F|  |TAMS 0x000000070aa00000, 0x000000070aa00000| Untracked 
| 145|0x000000070ab00000, 0x000000070ab00000, 0x000000070ac00000|  0%| F|  |TAMS 0x000000070ab00000, 0x000000070ab00000| Untracked 
| 146|0x000000070ac00000, 0x000000070ac00000, 0x000000070ad00000|  0%| F|  |TAMS 0x000000070ac00000, 0x000000070ac00000| Untracked 
| 147|0x000000070ad00000, 0x000000070ad00000, 0x000000070ae00000|  0%| F|  |TAMS 0x000000070ad00000, 0x000000070ad00000| Untracked 
| 148|0x000000070ae00000, 0x000000070ae00000, 0x000000070af00000|  0%| F|  |TAMS 0x000000070ae00000, 0x000000070ae00000| Untracked 
| 149|0x000000070af00000, 0x000000070af00000, 0x000000070b000000|  0%| F|  |TAMS 0x000000070af00000, 0x000000070af00000| Untracked 
| 150|0x000000070b000000, 0x000000070b000000, 0x000000070b100000|  0%| F|  |TAMS 0x000000070b000000, 0x000000070b000000| Untracked 
| 151|0x000000070b100000, 0x000000070b100000, 0x000000070b200000|  0%| F|  |TAMS 0x000000070b100000, 0x000000070b100000| Untracked 
| 152|0x000000070b200000, 0x000000070b200000, 0x000000070b300000|  0%| F|  |TAMS 0x000000070b200000, 0x000000070b200000| Untracked 
| 153|0x000000070b300000, 0x000000070b300000, 0x000000070b400000|  0%| F|  |TAMS 0x000000070b300000, 0x000000070b300000| Untracked 
| 154|0x000000070b400000, 0x000000070b400000, 0x000000070b500000|  0%| F|  |TAMS 0x000000070b400000, 0x000000070b400000| Untracked 
| 155|0x000000070b500000, 0x000000070b500000, 0x000000070b600000|  0%| F|  |TAMS 0x000000070b500000, 0x000000070b500000| Untracked 
| 156|0x000000070b600000, 0x000000070b600000, 0x000000070b700000|  0%| F|  |TAMS 0x000000070b600000, 0x000000070b600000| Untracked 
| 157|0x000000070b700000, 0x000000070b700000, 0x000000070b800000|  0%| F|  |TAMS 0x000000070b700000, 0x000000070b700000| Untracked 
| 158|0x000000070b800000, 0x000000070b800000, 0x000000070b900000|  0%| F|  |TAMS 0x000000070b800000, 0x000000070b800000| Untracked 
| 159|0x000000070b900000, 0x000000070b900000, 0x000000070ba00000|  0%| F|  |TAMS 0x000000070b900000, 0x000000070b900000| Untracked 
| 160|0x000000070ba00000, 0x000000070ba00000, 0x000000070bb00000|  0%| F|  |TAMS 0x000000070ba00000, 0x000000070ba00000| Untracked 
| 161|0x000000070bb00000, 0x000000070bb00000, 0x000000070bc00000|  0%| F|  |TAMS 0x000000070bb00000, 0x000000070bb00000| Untracked 
| 162|0x000000070bc00000, 0x000000070bc00000, 0x000000070bd00000|  0%| F|  |TAMS 0x000000070bc00000, 0x000000070bc00000| Untracked 
| 163|0x000000070bd00000, 0x000000070bd00000, 0x000000070be00000|  0%| F|  |TAMS 0x000000070bd00000, 0x000000070bd00000| Untracked 
| 164|0x000000070be00000, 0x000000070be00000, 0x000000070bf00000|  0%| F|  |TAMS 0x000000070be00000, 0x000000070be00000| Untracked 
| 165|0x000000070bf00000, 0x000000070bf00000, 0x000000070c000000|  0%| F|  |TAMS 0x000000070bf00000, 0x000000070bf00000| Untracked 
| 166|0x000000070c000000, 0x000000070c000000, 0x000000070c100000|  0%| F|  |TAMS 0x000000070c000000, 0x000000070c000000| Untracked 
| 167|0x000000070c100000, 0x000000070c100000, 0x000000070c200000|  0%| F|  |TAMS 0x000000070c100000, 0x000000070c100000| Untracked 
| 168|0x000000070c200000, 0x000000070c200000, 0x000000070c300000|  0%| F|  |TAMS 0x000000070c200000, 0x000000070c200000| Untracked 
| 169|0x000000070c300000, 0x000000070c300000, 0x000000070c400000|  0%| F|  |TAMS 0x000000070c300000, 0x000000070c300000| Untracked 
| 170|0x000000070c400000, 0x000000070c400000, 0x000000070c500000|  0%| F|  |TAMS 0x000000070c400000, 0x000000070c400000| Untracked 
| 171|0x000000070c500000, 0x000000070c500000, 0x000000070c600000|  0%| F|  |TAMS 0x000000070c500000, 0x000000070c500000| Untracked 
| 172|0x000000070c600000, 0x000000070c600000, 0x000000070c700000|  0%| F|  |TAMS 0x000000070c600000, 0x000000070c600000| Untracked 
| 173|0x000000070c700000, 0x000000070c700000, 0x000000070c800000|  0%| F|  |TAMS 0x000000070c700000, 0x000000070c700000| Untracked 
| 174|0x000000070c800000, 0x000000070c800000, 0x000000070c900000|  0%| F|  |TAMS 0x000000070c800000, 0x000000070c800000| Untracked 
| 175|0x000000070c900000, 0x000000070c900000, 0x000000070ca00000|  0%| F|  |TAMS 0x000000070c900000, 0x000000070c900000| Untracked 
| 176|0x000000070ca00000, 0x000000070ca00000, 0x000000070cb00000|  0%| F|  |TAMS 0x000000070ca00000, 0x000000070ca00000| Untracked 
| 177|0x000000070cb00000, 0x000000070cb00000, 0x000000070cc00000|  0%| F|  |TAMS 0x000000070cb00000, 0x000000070cb00000| Untracked 
| 178|0x000000070cc00000, 0x000000070cc00000, 0x000000070cd00000|  0%| F|  |TAMS 0x000000070cc00000, 0x000000070cc00000| Untracked 
| 179|0x000000070cd00000, 0x000000070cd00000, 0x000000070ce00000|  0%| F|  |TAMS 0x000000070cd00000, 0x000000070cd00000| Untracked 
| 180|0x000000070ce00000, 0x000000070ce00000, 0x000000070cf00000|  0%| F|  |TAMS 0x000000070ce00000, 0x000000070ce00000| Untracked 
| 181|0x000000070cf00000, 0x000000070cf00000, 0x000000070d000000|  0%| F|  |TAMS 0x000000070cf00000, 0x000000070cf00000| Untracked 
| 182|0x000000070d000000, 0x000000070d000000, 0x000000070d100000|  0%| F|  |TAMS 0x000000070d000000, 0x000000070d000000| Untracked 
| 183|0x000000070d100000, 0x000000070d100000, 0x000000070d200000|  0%| F|  |TAMS 0x000000070d100000, 0x000000070d100000| Untracked 
| 184|0x000000070d200000, 0x000000070d200000, 0x000000070d300000|  0%| F|  |TAMS 0x000000070d200000, 0x000000070d200000| Untracked 
| 185|0x000000070d300000, 0x000000070d300000, 0x000000070d400000|  0%| F|  |TAMS 0x000000070d300000, 0x000000070d300000| Untracked 
| 186|0x000000070d400000, 0x000000070d400000, 0x000000070d500000|  0%| F|  |TAMS 0x000000070d400000, 0x000000070d400000| Untracked 
| 187|0x000000070d500000, 0x000000070d500000, 0x000000070d600000|  0%| F|  |TAMS 0x000000070d500000, 0x000000070d500000| Untracked 
| 188|0x000000070d600000, 0x000000070d600000, 0x000000070d700000|  0%| F|  |TAMS 0x000000070d600000, 0x000000070d600000| Untracked 
| 189|0x000000070d700000, 0x000000070d700000, 0x000000070d800000|  0%| F|  |TAMS 0x000000070d700000, 0x000000070d700000| Untracked 
| 190|0x000000070d800000, 0x000000070d800000, 0x000000070d900000|  0%| F|  |TAMS 0x000000070d800000, 0x000000070d800000| Untracked 
| 191|0x000000070d900000, 0x000000070d900000, 0x000000070da00000|  0%| F|  |TAMS 0x000000070d900000, 0x000000070d900000| Untracked 
| 192|0x000000070da00000, 0x000000070da00000, 0x000000070db00000|  0%| F|  |TAMS 0x000000070da00000, 0x000000070da00000| Untracked 
| 193|0x000000070db00000, 0x000000070db00000, 0x000000070dc00000|  0%| F|  |TAMS 0x000000070db00000, 0x000000070db00000| Untracked 
| 194|0x000000070dc00000, 0x000000070dc00000, 0x000000070dd00000|  0%| F|  |TAMS 0x000000070dc00000, 0x000000070dc00000| Untracked 
| 195|0x000000070dd00000, 0x000000070dd00000, 0x000000070de00000|  0%| F|  |TAMS 0x000000070dd00000, 0x000000070dd00000| Untracked 
| 196|0x000000070de00000, 0x000000070de00000, 0x000000070df00000|  0%| F|  |TAMS 0x000000070de00000, 0x000000070de00000| Untracked 
| 197|0x000000070df00000, 0x000000070df00000, 0x000000070e000000|  0%| F|  |TAMS 0x000000070df00000, 0x000000070df00000| Untracked 
| 198|0x000000070e000000, 0x000000070e000000, 0x000000070e100000|  0%| F|  |TAMS 0x000000070e000000, 0x000000070e000000| Untracked 
| 199|0x000000070e100000, 0x000000070e100000, 0x000000070e200000|  0%| F|  |TAMS 0x000000070e100000, 0x000000070e100000| Untracked 
| 200|0x000000070e200000, 0x000000070e200000, 0x000000070e300000|  0%| F|  |TAMS 0x000000070e200000, 0x000000070e200000| Untracked 
| 201|0x000000070e300000, 0x000000070e300000, 0x000000070e400000|  0%| F|  |TAMS 0x000000070e300000, 0x000000070e300000| Untracked 
| 202|0x000000070e400000, 0x000000070e400000, 0x000000070e500000|  0%| F|  |TAMS 0x000000070e400000, 0x000000070e400000| Untracked 
| 203|0x000000070e500000, 0x000000070e500000, 0x000000070e600000|  0%| F|  |TAMS 0x000000070e500000, 0x000000070e500000| Untracked 
| 204|0x000000070e600000, 0x000000070e600000, 0x000000070e700000|  0%| F|  |TAMS 0x000000070e600000, 0x000000070e600000| Untracked 
| 205|0x000000070e700000, 0x000000070e700000, 0x000000070e800000|  0%| F|  |TAMS 0x000000070e700000, 0x000000070e700000| Untracked 
| 206|0x000000070e800000, 0x000000070e800000, 0x000000070e900000|  0%| F|  |TAMS 0x000000070e800000, 0x000000070e800000| Untracked 
| 207|0x000000070e900000, 0x000000070e900000, 0x000000070ea00000|  0%| F|  |TAMS 0x000000070e900000, 0x000000070e900000| Untracked 
| 208|0x000000070ea00000, 0x000000070ea00000, 0x000000070eb00000|  0%| F|  |TAMS 0x000000070ea00000, 0x000000070ea00000| Untracked 
| 209|0x000000070eb00000, 0x000000070eb00000, 0x000000070ec00000|  0%| F|  |TAMS 0x000000070eb00000, 0x000000070eb00000| Untracked 
| 210|0x000000070ec00000, 0x000000070ec00000, 0x000000070ed00000|  0%| F|  |TAMS 0x000000070ec00000, 0x000000070ec00000| Untracked 
| 211|0x000000070ed00000, 0x000000070ed00000, 0x000000070ee00000|  0%| F|  |TAMS 0x000000070ed00000, 0x000000070ed00000| Untracked 
| 212|0x000000070ee00000, 0x000000070ee00000, 0x000000070ef00000|  0%| F|  |TAMS 0x000000070ee00000, 0x000000070ee00000| Untracked 
| 213|0x000000070ef00000, 0x000000070ef00000, 0x000000070f000000|  0%| F|  |TAMS 0x000000070ef00000, 0x000000070ef00000| Untracked 
| 214|0x000000070f000000, 0x000000070f000000, 0x000000070f100000|  0%| F|  |TAMS 0x000000070f000000, 0x000000070f000000| Untracked 
| 215|0x000000070f100000, 0x000000070f100000, 0x000000070f200000|  0%| F|  |TAMS 0x000000070f100000, 0x000000070f100000| Untracked 
| 216|0x000000070f200000, 0x000000070f200000, 0x000000070f300000|  0%| F|  |TAMS 0x000000070f200000, 0x000000070f200000| Untracked 
| 217|0x000000070f300000, 0x000000070f300000, 0x000000070f400000|  0%| F|  |TAMS 0x000000070f300000, 0x000000070f300000| Untracked 
| 218|0x000000070f400000, 0x000000070f400000, 0x000000070f500000|  0%| F|  |TAMS 0x000000070f400000, 0x000000070f400000| Untracked 
| 219|0x000000070f500000, 0x000000070f500000, 0x000000070f600000|  0%| F|  |TAMS 0x000000070f500000, 0x000000070f500000| Untracked 
| 220|0x000000070f600000, 0x000000070f600000, 0x000000070f700000|  0%| F|  |TAMS 0x000000070f600000, 0x000000070f600000| Untracked 
| 221|0x000000070f700000, 0x000000070f700000, 0x000000070f800000|  0%| F|  |TAMS 0x000000070f700000, 0x000000070f700000| Untracked 
| 222|0x000000070f800000, 0x000000070f800000, 0x000000070f900000|  0%| F|  |TAMS 0x000000070f800000, 0x000000070f800000| Untracked 
| 223|0x000000070f900000, 0x000000070f900000, 0x000000070fa00000|  0%| F|  |TAMS 0x000000070f900000, 0x000000070f900000| Untracked 
| 224|0x000000070fa00000, 0x000000070fa00000, 0x000000070fb00000|  0%| F|  |TAMS 0x000000070fa00000, 0x000000070fa00000| Untracked 
| 225|0x000000070fb00000, 0x000000070fb00000, 0x000000070fc00000|  0%| F|  |TAMS 0x000000070fb00000, 0x000000070fb00000| Untracked 
| 226|0x000000070fc00000, 0x000000070fc00000, 0x000000070fd00000|  0%| F|  |TAMS 0x000000070fc00000, 0x000000070fc00000| Untracked 
| 227|0x000000070fd00000, 0x000000070fd00000, 0x000000070fe00000|  0%| F|  |TAMS 0x000000070fd00000, 0x000000070fd00000| Untracked 
| 228|0x000000070fe00000, 0x000000070fe00000, 0x000000070ff00000|  0%| F|  |TAMS 0x000000070fe00000, 0x000000070fe00000| Untracked 
| 229|0x000000070ff00000, 0x000000070ff00000, 0x0000000710000000|  0%| F|  |TAMS 0x000000070ff00000, 0x000000070ff00000| Untracked 
| 230|0x0000000710000000, 0x0000000710000000, 0x0000000710100000|  0%| F|  |TAMS 0x0000000710000000, 0x0000000710000000| Untracked 
| 231|0x0000000710100000, 0x0000000710100000, 0x0000000710200000|  0%| F|  |TAMS 0x0000000710100000, 0x0000000710100000| Untracked 
| 232|0x0000000710200000, 0x0000000710200000, 0x0000000710300000|  0%| F|  |TAMS 0x0000000710200000, 0x0000000710200000| Untracked 
| 233|0x0000000710300000, 0x0000000710300000, 0x0000000710400000|  0%| F|  |TAMS 0x0000000710300000, 0x0000000710300000| Untracked 
| 234|0x0000000710400000, 0x0000000710400000, 0x0000000710500000|  0%| F|  |TAMS 0x0000000710400000, 0x0000000710400000| Untracked 
| 235|0x0000000710500000, 0x0000000710500000, 0x0000000710600000|  0%| F|  |TAMS 0x0000000710500000, 0x0000000710500000| Untracked 
| 236|0x0000000710600000, 0x0000000710600000, 0x0000000710700000|  0%| F|  |TAMS 0x0000000710600000, 0x0000000710600000| Untracked 
| 237|0x0000000710700000, 0x0000000710700000, 0x0000000710800000|  0%| F|  |TAMS 0x0000000710700000, 0x0000000710700000| Untracked 
| 238|0x0000000710800000, 0x0000000710800000, 0x0000000710900000|  0%| F|  |TAMS 0x0000000710800000, 0x0000000710800000| Untracked 
| 239|0x0000000710900000, 0x0000000710900000, 0x0000000710a00000|  0%| F|  |TAMS 0x0000000710900000, 0x0000000710900000| Untracked 
| 240|0x0000000710a00000, 0x0000000710a00000, 0x0000000710b00000|  0%| F|  |TAMS 0x0000000710a00000, 0x0000000710a00000| Untracked 
| 241|0x0000000710b00000, 0x0000000710b00000, 0x0000000710c00000|  0%| F|  |TAMS 0x0000000710b00000, 0x0000000710b00000| Untracked 
| 242|0x0000000710c00000, 0x0000000710c00000, 0x0000000710d00000|  0%| F|  |TAMS 0x0000000710c00000, 0x0000000710c00000| Untracked 
| 243|0x0000000710d00000, 0x0000000710d00000, 0x0000000710e00000|  0%| F|  |TAMS 0x0000000710d00000, 0x0000000710d00000| Untracked 
| 244|0x0000000710e00000, 0x0000000710e00000, 0x0000000710f00000|  0%| F|  |TAMS 0x0000000710e00000, 0x0000000710e00000| Untracked 
| 245|0x0000000710f00000, 0x0000000710f00000, 0x0000000711000000|  0%| F|  |TAMS 0x0000000710f00000, 0x0000000710f00000| Untracked 
| 246|0x0000000711000000, 0x0000000711100000, 0x0000000711100000|100%| E|  |TAMS 0x0000000711000000, 0x0000000711000000| Complete 
| 247|0x0000000711100000, 0x0000000711200000, 0x0000000711200000|100%| E|CS|TAMS 0x0000000711100000, 0x0000000711100000| Complete 
| 248|0x0000000711200000, 0x0000000711300000, 0x0000000711300000|100%| E|CS|TAMS 0x0000000711200000, 0x0000000711200000| Complete 
| 249|0x0000000711300000, 0x0000000711400000, 0x0000000711400000|100%| E|CS|TAMS 0x0000000711300000, 0x0000000711300000| Complete 
| 250|0x0000000711400000, 0x0000000711500000, 0x0000000711500000|100%| E|CS|TAMS 0x0000000711400000, 0x0000000711400000| Complete 
| 251|0x0000000711500000, 0x0000000711600000, 0x0000000711600000|100%| E|CS|TAMS 0x0000000711500000, 0x0000000711500000| Complete 
| 252|0x0000000711600000, 0x0000000711700000, 0x0000000711700000|100%| E|CS|TAMS 0x0000000711600000, 0x0000000711600000| Complete 
| 253|0x0000000711700000, 0x0000000711800000, 0x0000000711800000|100%| E|CS|TAMS 0x0000000711700000, 0x0000000711700000| Complete 
| 254|0x0000000711800000, 0x0000000711900000, 0x0000000711900000|100%| E|CS|TAMS 0x0000000711800000, 0x0000000711800000| Complete 
| 255|0x0000000711900000, 0x0000000711a00000, 0x0000000711a00000|100%| E|CS|TAMS 0x0000000711900000, 0x0000000711900000| Complete 

Card table byte_map: [0x000001d0c6310000,0x000001d0c6b10000] _byte_map_base: 0x000001d0c2b03000

Marking Bits (Prev, Next): (CMBitMap*) 0x000001d0ae061dd8, (CMBitMap*) 0x000001d0ae061e18
 Prev Bits: [0x000001d0c7310000, 0x000001d0cb2a8000)
 Next Bits: [0x000001d0cb2b0000, 0x000001d0cf248000)

Polling page: 0x000001d0ab8a0000

Metaspace:

Usage:
  Non-class:      9.11 MB capacity,     8.96 MB ( 98%) used,   131.09 KB (  1%) free+waste,    22.19 KB ( <1%) overhead. 
      Class:      1.33 MB capacity,     1.21 MB ( 91%) used,   104.60 KB (  8%) free+waste,    13.94 KB (  1%) overhead. 
       Both:     10.44 MB capacity,    10.17 MB ( 97%) used,   235.70 KB (  2%) free+waste,    36.13 KB ( <1%) overhead. 

Virtual space:
  Non-class space:       10.00 MB reserved,       9.25 MB ( 93%) committed 
      Class space:        1.00 GB reserved,       1.38 MB ( <1%) committed 
             Both:        1.01 GB reserved,      10.63 MB (  1%) committed 

Chunk freelists:
   Non-Class:  16.00 KB
       Class:  17.00 KB
        Both:  33.00 KB

MaxMetaspaceSize: 17179869184.00 GB
CompressedClassSpaceSize: 1.00 GB

CodeHeap 'non-profiled nmethods': size=120000Kb used=318Kb max_used=318Kb free=119682Kb
 bounds [0x000001d0be2b0000, 0x000001d0be520000, 0x000001d0c57e0000]
CodeHeap 'profiled nmethods': size=120000Kb used=1696Kb max_used=1696Kb free=118303Kb
 bounds [0x000001d0b6d80000, 0x000001d0b6ff0000, 0x000001d0be2b0000]
CodeHeap 'non-nmethods': size=5760Kb used=1301Kb max_used=1315Kb free=4458Kb
 bounds [0x000001d0b67e0000, 0x000001d0b6a50000, 0x000001d0b6d80000]
 total_blobs=1714 nmethods=1117 adapters=510
 compilation: enabled
              stopped_count=0, restarted_count=0
 full_count=0

Compilation events (20 events):
Event: 2.514 Thread 0x000001d0d26b5800 nmethod 1109 0x000001d0b6f22910 code [0x000001d0b6f22ae0, 0x000001d0b6f22dd8]
Event: 2.514 Thread 0x000001d0d26b5800 1107       3       java.awt.geom.AffineTransform::calculateType (536 bytes)
Event: 2.515 Thread 0x000001d0d26b5800 nmethod 1107 0x000001d0b6f22f10 code [0x000001d0b6f231c0, 0x000001d0b6f24298]
Event: 2.515 Thread 0x000001d0d26b5800 1110       3       java.util.Arrays$ArrayList::get (7 bytes)
Event: 2.515 Thread 0x000001d0d26b5800 nmethod 1110 0x000001d0b6f24410 code [0x000001d0b6f245a0, 0x000001d0b6f246f8]
Event: 2.515 Thread 0x000001d0d26b5800 1111       3       java.awt.geom.Point2D$Float::<init> (5 bytes)
Event: 2.515 Thread 0x000001d0d26b5800 nmethod 1111 0x000001d0b6f24810 code [0x000001d0b6f249c0, 0x000001d0b6f24b98]
Event: 2.515 Thread 0x000001d0d26b5800 1108       1       javax.swing.RepaintManager::isDoubleBufferingEnabled (5 bytes)
Event: 2.515 Thread 0x000001d0d26b5800 nmethod 1108 0x000001d0be2fef90 code [0x000001d0be2ff120, 0x000001d0be2ff1f8]
Event: 2.515 Thread 0x000001d0d26b5800 1112       3       java.security.AccessControlContext::<init> (63 bytes)
Event: 2.515 Thread 0x000001d0d26b5800 nmethod 1112 0x000001d0b6f24c90 code [0x000001d0b6f24e60, 0x000001d0b6f25368]
Event: 2.515 Thread 0x000001d0d26b5800 1113       3       sun.font.FontDesignMetrics$MetricsKey::init (24 bytes)
Event: 2.516 Thread 0x000001d0d26b5800 nmethod 1113 0x000001d0b6f25510 code [0x000001d0b6f256c0, 0x000001d0b6f259d8]
Event: 2.516 Thread 0x000001d0d26b5800 1114       3       java.awt.font.FontRenderContext::hashCode (71 bytes)
Event: 2.516 Thread 0x000001d0d26b5800 nmethod 1114 0x000001d0b6f25b10 code [0x000001d0b6f25d60, 0x000001d0b6f26748]
Event: 2.516 Thread 0x000001d0d26b5800 1115       3       sun.font.FontDesignMetrics::getDefaultFrc (53 bytes)
Event: 2.516 Thread 0x000001d0d26b5800 nmethod 1115 0x000001d0b6f26990 code [0x000001d0b6f26c20, 0x000001d0b6f27878]
Event: 2.516 Thread 0x000001d0d26b5800 1116       3       sun.java2d.SunGraphics2D::setColor (108 bytes)
Event: 2.516 Thread 0x000001d0d26b5800 nmethod 1116 0x000001d0b6f27c10 code [0x000001d0b6f27de0, 0x000001d0b6f28278]
Event: 2.657 Thread 0x000001d0d26aa800 1117       4       java.lang.String::indexOf (29 bytes)

GC Heap History (0 events):
No events

Deoptimization events (20 events):
Event: 0.273 Thread 0x000001d0adff8800 DEOPT PACKING pc=0x000001d0be2bb14c sp=0x0000009cb77fea70
Event: 0.273 Thread 0x000001d0adff8800 DEOPT UNPACKING pc=0x000001d0b682912f sp=0x0000009cb77fea18 mode 2
Event: 0.273 Thread 0x000001d0adff8800 Uncommon trap: trap_request=0xffffffde fr.pc=0x000001d0be2bb14c relative=0x00000000000001ac
Event: 0.273 Thread 0x000001d0adff8800 Uncommon trap: reason=class_check action=maybe_recompile pc=0x000001d0be2bb14c method=java.lang.String.equals(Ljava/lang/Object;)Z @ 8 c2
Event: 0.273 Thread 0x000001d0adff8800 DEOPT PACKING pc=0x000001d0be2bb14c sp=0x0000009cb77fe990
Event: 0.273 Thread 0x000001d0adff8800 DEOPT UNPACKING pc=0x000001d0b682912f sp=0x0000009cb77fe938 mode 2
Event: 0.318 Thread 0x000001d0d33ba800 Uncommon trap: trap_request=0xffffff45 fr.pc=0x000001d0be2bd000 relative=0x0000000000000900
Event: 0.318 Thread 0x000001d0d33ba800 Uncommon trap: reason=unstable_if action=reinterpret pc=0x000001d0be2bd000 method=java.util.HashMap.putVal(ILjava/lang/Object;Ljava/lang/Object;ZZ)Ljava/lang/Object; @ 181 c2
Event: 0.318 Thread 0x000001d0d33ba800 DEOPT PACKING pc=0x000001d0be2bd000 sp=0x0000009cb8bfdbe0
Event: 0.318 Thread 0x000001d0d33ba800 DEOPT UNPACKING pc=0x000001d0b682912f sp=0x0000009cb8bfdb80 mode 2
Event: 0.339 Thread 0x000001d0adff8800 Uncommon trap: trap_request=0xffffff45 fr.pc=0x000001d0be2bdae8 relative=0x0000000000000068
Event: 0.339 Thread 0x000001d0adff8800 Uncommon trap: reason=unstable_if action=reinterpret pc=0x000001d0be2bdae8 method=java.lang.String.isLatin1()Z @ 10 c2
Event: 0.339 Thread 0x000001d0adff8800 DEOPT PACKING pc=0x000001d0be2bdae8 sp=0x0000009cb77fd5e0
Event: 0.339 Thread 0x000001d0adff8800 DEOPT UNPACKING pc=0x000001d0b682912f sp=0x0000009cb77fd570 mode 2
Event: 1.061 Thread 0x000001d0d26a3800 Uncommon trap: trap_request=0xffffff45 fr.pc=0x000001d0be2bde24 relative=0x0000000000000084
Event: 1.061 Thread 0x000001d0d26a3800 Uncommon trap: reason=unstable_if action=reinterpret pc=0x000001d0be2bde24 method=java.lang.String.isLatin1()Z @ 10 c2
Event: 1.061 Thread 0x000001d0d26a3800 DEOPT PACKING pc=0x000001d0be2bde24 sp=0x0000009cb81fe3a0
Event: 1.061 Thread 0x000001d0d26a3800 DEOPT UNPACKING pc=0x000001d0b682912f sp=0x0000009cb81fe2e0 mode 2
Event: 1.772 Thread 0x000001d0d3433000 DEOPT PACKING pc=0x000001d0b6eb738d sp=0x0000009cb8cfccc0
Event: 1.772 Thread 0x000001d0d3433000 DEOPT UNPACKING pc=0x000001d0b682964e sp=0x0000009cb8cfc100 mode 0

Classes unloaded (0 events):
No events

Classes redefined (0 events):
No events

Internal exceptions (13 events):
Event: 0.113 Thread 0x000001d0adff8800 Exception <a 'java/lang/ClassNotFoundException'{0x0000000711705758}: sun/awt/resources/spi/awtProvider> (0x0000000711705758) 
thrown [./src/hotspot/share/classfile/systemDictionary.cpp, line 232]
Event: 0.132 Thread 0x000001d0adff8800 Exception <a 'java/io/FileNotFoundException'{0x00000007117565b8}> (0x00000007117565b8) 
thrown [./src/hotspot/share/prims/jni.cpp, line 598]
Event: 0.139 Thread 0x000001d0adff8800 Exception <a 'java/io/FileNotFoundException'{0x000000071177d220}> (0x000000071177d220) 
thrown [./src/hotspot/share/prims/jni.cpp, line 598]
Event: 0.172 Thread 0x000001d0d33ba800 Exception <a 'java/lang/NoSuchMethodError'{0x00000007117fb298}: 'void java.lang.invoke.DirectMethodHandle$Holder.invokeSpecial(java.lang.Object, java.lang.Object)'> (0x00000007117fb298) 
thrown [./src/hotspot/share/interpreter/linkResolver.cpp, line 767]
Event: 0.187 Thread 0x000001d0adff8800 Exception <a 'java/lang/NoSuchMethodError'{0x000000071161cb60}: 'java.lang.Object java.lang.invoke.DirectMethodHandle$Holder.invokeStatic(java.lang.Object, int, java.lang.Object, java.lang.Object, java.lang.Object, java.lang.Object)'> (0x000000071161cb60) 
thrown [./src/hotspot/share/interpreter/linkResolver.cpp, line 767]
Event: 0.187 Thread 0x000001d0adff8800 Exception <a 'java/lang/NoSuchMethodError'{0x00000007116234c0}: 'java.lang.Object java.lang.invoke.DirectMethodHandle$Holder.invokeStatic(java.lang.Object, int, java.lang.Object, java.lang.Object, java.lang.Object)'> (0x00000007116234c0) 
thrown [./src/hotspot/share/interpreter/linkResolver.cpp, line 767]
Event: 0.188 Thread 0x000001d0adff8800 Exception <a 'java/lang/NoSuchMethodError'{0x0000000711626d28}: 'java.lang.Object java.lang.invoke.DirectMethodHandle$Holder.invokeSpecial(java.lang.Object, java.lang.Object, int, java.lang.Object, java.lang.Object, java.lang.Object)'> (0x0000000711626d28) 
thrown [./src/hotspot/share/interpreter/linkResolver.cpp, line 767]
Event: 0.191 Thread 0x000001d0adff8800 Exception <a 'java/lang/NoSuchMethodError'{0x000000071163d050}: 'java.lang.Object java.lang.invoke.DirectMethodHandle$Holder.invokeStatic(java.lang.Object, int, java.lang.Object)'> (0x000000071163d050) 
thrown [./src/hotspot/share/interpreter/linkResolver.cpp, line 767]
Event: 0.209 Thread 0x000001d0adff8800 Exception <a 'java/lang/ClassNotFoundException'{0x00000007116e31a0}: com/sun/swing/internal/plaf/metal/resources/spi/metalProvider> (0x00000007116e31a0) 
thrown [./src/hotspot/share/classfile/systemDictionary.cpp, line 232]
Event: 0.210 Thread 0x000001d0adff8800 Exception <a 'java/lang/ClassNotFoundException'{0x00000007116e73f0}: com/sun/swing/internal/plaf/basic/resources/spi/basicProvider> (0x00000007116e73f0) 
thrown [./src/hotspot/share/classfile/systemDictionary.cpp, line 232]
Event: 0.329 Thread 0x000001d0adff8800 Exception <a 'java/lang/NoSuchMethodError'{0x00000007113013c0}: 'void java.lang.invoke.DirectMethodHandle$Holder.invokeStaticInit(java.lang.Object)'> (0x00000007113013c0) 
thrown [./src/hotspot/share/interpreter/linkResolver.cpp, line 767]
Event: 0.347 Thread 0x000001d0adff8800 Exception <a 'java/lang/NoSuchMethodError'{0x0000000711357d18}: 'java.lang.Object java.lang.invoke.Invokers$Holder.linkToTargetMethod(java.lang.Object, int, java.lang.Object)'> (0x0000000711357d18) 
thrown [./src/hotspot/share/interpreter/linkResolver.cpp, line 767]
Event: 1.616 Thread 0x000001d0d3433000 Exception <a 'java/lang/ArrayIndexOutOfBoundsException'{0x0000000711242718}: Index 2 out of bounds for length 2> (0x0000000711242718) 
thrown [./src/hotspot/share/interpreter/interpreterRuntime.cpp, line 458]

Events (20 events):
Event: 2.511 loading class javax/swing/text/AbstractDocument$UndoRedoDocumentEvent done
Event: 2.511 loading class javax/swing/TimerQueue
Event: 2.511 loading class javax/swing/TimerQueue done
Event: 2.511 loading class java/util/concurrent/DelayQueue
Event: 2.511 loading class java/util/concurrent/BlockingQueue
Event: 2.511 loading class java/util/concurrent/BlockingQueue done
Event: 2.512 loading class java/util/concurrent/DelayQueue done
Event: 2.512 loading class java/util/PriorityQueue
Event: 2.512 loading class java/util/PriorityQueue done
Event: 2.512 Thread 0x000001d0d363b800 Thread added: 0x000001d0d363b800
Event: 2.512 loading class javax/swing/text/DefaultCaret$1
Event: 2.512 loading class javax/swing/text/DefaultCaret$1 done
Event: 2.512 loading class javax/swing/event/UndoableEditListener
Event: 2.512 loading class javax/swing/event/UndoableEditListener done
Event: 2.515 Executing VM operation: RevokeBias
Event: 2.515 Executing VM operation: RevokeBias done
Event: 2.656 Executing VM operation: RevokeBias
Event: 2.656 Executing VM operation: RevokeBias done
Event: 2.656 loading class com/fazecast/jSerialComm/SerialPortEvent
Event: 2.656 loading class com/fazecast/jSerialComm/SerialPortEvent done


Dynamic libraries:
0x00007ff72e700000 - 0x00007ff72e70d000 	C:\Users\adamgontarczyk\.jdks\azul-13.0.10\bin\java.exe
0x000001d0ab9c0000 - 0x000001d0abbb0000 	C:\Windows\SYSTEM32\ntd1l.dll
0x000001d0abbc0000 - 0x000001d0abc72000 	C:\Windows\System32\kern3l32.dll
0x00007ffdde8a0000 - 0x00007ffddea90000 	C:\Windows\SYSTEM32\ntdll.dll
0x00007ffddd8d0000 - 0x00007ffddd982000 	C:\Windows\System32\KERNEL32.DLL
0x00007ffddc320000 - 0x00007ffddc5c3000 	C:\Windows\System32\KERNELBASE.dll
0x00007ffddb460000 - 0x00007ffddb65e000 	C:\Program Files\SentinelOne\Sentinel Agent 21.7.5.1080\InProcessClient64.dll
0x00007ffddd7b0000 - 0x00007ffddd853000 	C:\Windows\System32\ADVAPI32.dll
0x00007ffddd640000 - 0x00007ffddd6de000 	C:\Windows\System32\msvcrt.dll
0x00007ffddd1d0000 - 0x00007ffddd267000 	C:\Windows\System32\sechost.dll
0x00007ffdde5f0000 - 0x00007ffdde710000 	C:\Windows\System32\RPCRT4.dll
0x00007ffddc080000 - 0x00007ffddc17a000 	C:\Windows\System32\ucrtbase.dll
0x00007ffdd7dc0000 - 0x00007ffdd7dd5000 	C:\Users\adamgontarczyk\.jdks\azul-13.0.10\bin\VCRUNTIME140.dll
0x00007ffdd7e00000 - 0x00007ffdd7e17000 	C:\Users\adamgontarczyk\.jdks\azul-13.0.10\bin\jli.dll
0x00007ffddc9b0000 - 0x00007ffddcb43000 	C:\Windows\System32\USER32.dll
0x00007ffdc45b0000 - 0x00007ffdc4835000 	C:\Windows\WinSxS\amd64_microsoft.windows.common-controls_6595b64144ccf1df_6.0.18362.329_none_e6c7b0c7130c72de\COMCTL32.dll
0x00007ffddbfd0000 - 0x00007ffddbff1000 	C:\Windows\System32\win32u.dll
0x00007ffddd990000 - 0x00007ffdddcc6000 	C:\Windows\System32\combase.dll
0x00007ffddc960000 - 0x00007ffddc986000 	C:\Windows\System32\GDI32.dll
0x00007ffddc000000 - 0x00007ffddc080000 	C:\Windows\System32\bcryptPrimitives.dll
0x00007ffddc6d0000 - 0x00007ffddc864000 	C:\Windows\System32\gdi32full.dll
0x00007ffddc630000 - 0x00007ffddc6ce000 	C:\Windows\System32\msvcp_win.dll
0x00007ffddb3b0000 - 0x00007ffddb3ba000 	C:\Windows\SYSTEM32\VERSION.dll
0x00007ffddd0f0000 - 0x00007ffddd11e000 	C:\Windows\System32\IMM32.DLL
0x00007ffdca330000 - 0x00007ffdca3cb000 	C:\Users\adamgontarczyk\.jdks\azul-13.0.10\bin\msvcp140.dll
0x00007ffd78260000 - 0x00007ffd78e55000 	C:\Users\adamgontarczyk\.jdks\azul-13.0.10\bin\server\jvm.dll
0x00007ffddc950000 - 0x00007ffddc958000 	C:\Windows\System32\PSAPI.DLL
0x00007ffdd5790000 - 0x00007ffdd5799000 	C:\Windows\SYSTEM32\WSOCK32.dll
0x00007ffddcc10000 - 0x00007ffddcc7f000 	C:\Windows\System32\WS2_32.dll
0x00007ffdd95b0000 - 0x00007ffdd95d4000 	C:\Windows\SYSTEM32\WINMM.dll
0x00007ffdd9580000 - 0x00007ffdd95ad000 	C:\Windows\SYSTEM32\WINMMBASE.dll
0x00007ffddc180000 - 0x00007ffddc1ca000 	C:\Windows\System32\cfgmgr32.dll
0x00007ffddb780000 - 0x00007ffddb791000 	C:\Windows\System32\kernel.appcore.dll
0x00007ffdd7df0000 - 0x00007ffdd7e00000 	C:\Users\adamgontarczyk\.jdks\azul-13.0.10\bin\verify.dll
0x00007ffdc4c60000 - 0x00007ffdc4e54000 	C:\Windows\SYSTEM32\DBGHELP.DLL
0x00007ffdc6540000 - 0x00007ffdc656a000 	C:\Windows\SYSTEM32\dbgcore.DLL
0x00007ffdd7ba0000 - 0x00007ffdd7bc6000 	C:\Users\adamgontarczyk\.jdks\azul-13.0.10\bin\java.dll
0x00007ffdd7db0000 - 0x00007ffdd7dba000 	C:\Users\adamgontarczyk\.jdks\azul-13.0.10\bin\jimage.dll
0x00007ffdd7b90000 - 0x00007ffdd7b9e000 	C:\Users\adamgontarczyk\.jdks\azul-13.0.10\bin\instrument.dll
0x00007ffdd6b40000 - 0x00007ffdd6b57000 	C:\Users\adamgontarczyk\.jdks\azul-13.0.10\bin\zip.dll
0x000001d0d2b00000 - 0x000001d0d31e5000 	C:\Windows\System32\SHELL32.dll
0x00007ffddd6f0000 - 0x00007ffddd799000 	C:\Windows\System32\shcore.dll
0x00007ffddb830000 - 0x00007ffddbfae000 	C:\Windows\System32\windows.storage.dll
0x00007ffddb810000 - 0x00007ffddb82f000 	C:\Windows\System32\profapi.dll
0x00007ffddb7c0000 - 0x00007ffddb80a000 	C:\Windows\System32\powrprof.dll
0x00007ffddb770000 - 0x00007ffddb780000 	C:\Windows\System32\UMPDC.dll
0x00007ffddd420000 - 0x00007ffddd472000 	C:\Windows\System32\shlwapi.dll
0x00007ffddbfb0000 - 0x00007ffddbfc7000 	C:\Windows\System32\cryptsp.dll
0x00007ffdd5770000 - 0x00007ffdd5789000 	C:\Users\adamgontarczyk\.jdks\azul-13.0.10\bin\net.dll
0x00007ffdd0ad0000 - 0x00007ffdd0bc0000 	C:\Windows\SYSTEM32\WINHTTP.dll
0x00007ffddad70000 - 0x00007ffddadd7000 	C:\Windows\system32\mswsock.dll
0x00007ffdd5380000 - 0x00007ffdd5392000 	C:\Users\adamgontarczyk\.jdks\azul-13.0.10\bin\nio.dll
0x00007ffdd48d0000 - 0x00007ffdd48ea000 	C:\Automatyka\IDEA\IntelliJ IDEA Community Edition 2021.3.3\bin\breakgen64.dll
0x00007ffdc43c0000 - 0x00007ffdc4558000 	C:\Users\adamgontarczyk\.jdks\azul-13.0.10\bin\awt.dll
0x00007ffdde520000 - 0x00007ffdde5e4000 	C:\Windows\System32\OLEAUT32.dll
0x00007ffdd9380000 - 0x00007ffdd940f000 	C:\Windows\SYSTEM32\apphelp.dll
0x00007ffdd98e0000 - 0x00007ffdd9979000 	C:\Windows\system32\uxtheme.dll
0x00007ffddd500000 - 0x00007ffddd636000 	C:\Windows\System32\MSCTF.dll
0x00007ffdde3c0000 - 0x00007ffdde516000 	C:\Windows\System32\ole32.dll
0x00007ffdd9c30000 - 0x00007ffdd9c5d000 	C:\Windows\system32\DWMAPI.DLL
0x00007ffdd4890000 - 0x00007ffdd48c4000 	C:\Users\adamgontarczyk\AppData\Local\Temp\jSerialComm\1649222999459-jSerialComm.dll
0x00007ffddcc80000 - 0x00007ffddd0f0000 	C:\Windows\System32\SETUPAPI.dll
0x00007ffddc920000 - 0x00007ffddc946000 	C:\Windows\System32\bcrypt.dll
0x00007ffddb360000 - 0x00007ffddb38a000 	C:\Windows\SYSTEM32\DEVOBJ.dll
0x00007ffddc5d0000 - 0x00007ffddc62c000 	C:\Windows\System32\WINTRUST.dll
0x00007ffddb7a0000 - 0x00007ffddb7b2000 	C:\Windows\System32\MSASN1.dll
0x00007ffddc1d0000 - 0x00007ffddc319000 	C:\Windows\System32\CRYPT32.dll
0x00007ffdb3e80000 - 0x00007ffdb3fd6000 	C:\Windows\system32\opengl32.dll
0x00007ffdb4c60000 - 0x00007ffdb4c8c000 	C:\Windows\SYSTEM32\GLU32.dll
0x00007ffdda1d0000 - 0x00007ffdda1f0000 	C:\Windows\SYSTEM32\dxcore.dll
0x00007ffdc52b0000 - 0x00007ffdc5336000 	C:\Users\adamgontarczyk\.jdks\azul-13.0.10\bin\freetype.dll
0x00007ffdc4220000 - 0x00007ffdc42c5000 	C:\Users\adamgontarczyk\.jdks\azul-13.0.10\bin\fontmanager.dll
0x00007ffddd120000 - 0x00007ffddd1c2000 	C:\Windows\System32\clbcatq.dll
0x00007ffdd50c0000 - 0x00007ffdd526f000 	C:\Windows\SYSTEM32\WindowsCodecs.dll
0x00007ffdb4b90000 - 0x00007ffdb4bca000 	C:\Windows\system32\dataexchange.dll
0x00007ffdd8560000 - 0x00007ffdd87bb000 	C:\Windows\system32\d3d11.dll
0x00007ffdd8c20000 - 0x00007ffdd8dfb000 	C:\Windows\system32\dcomp.dll
0x00007ffdda260000 - 0x00007ffdda34b000 	C:\Windows\system32\dxgi.dll
0x00007ffdd99d0000 - 0x00007ffdd9c2a000 	C:\Windows\system32\twinapi.appcore.dll
0x00007ffdd9ec0000 - 0x00007ffdd9ee9000 	C:\Windows\system32\RMCLIENT.dll
0x00007ffdd05f0000 - 0x00007ffdd068e000 	C:\Windows\System32\TextInputFramework.dll
0x00007ffdd5dd0000 - 0x00007ffdd60fa000 	C:\Windows\System32\CoreUIComponents.dll
0x00007ffdd9170000 - 0x00007ffdd9244000 	C:\Windows\System32\CoreMessaging.dll
0x00007ffdda590000 - 0x00007ffdda5c1000 	C:\Windows\SYSTEM32\ntmarta.dll
0x00007ffdd7110000 - 0x00007ffdd7263000 	C:\Windows\SYSTEM32\wintypes.dll
0x00007ffdcc4e0000 - 0x00007ffdcc786000 	C:\Windows\System32\iertutil.dll

dbghelp: loaded successfully - version: 4.0.5 - missing functions: none
symbol engine: initialized successfully - sym options: 0x614 - pdb path: .;C:\Users\adamgontarczyk\.jdks\azul-13.0.10\bin;C:\Windows\SYSTEM32;C:\Program Files\SentinelOne\Sentinel Agent 21.7.5.1080;C:\Windows\WinSxS\amd64_microsoft.windows.common-controls_6595b64144ccf1df_6.0.18362.329_none_e6c7b0c7130c72de;C:\Users\adamgontarczyk\.jdks\azul-13.0.10\bin\server;C:\Automatyka\IDEA\IntelliJ IDEA Community Edition 2021.3.3\bin;C:\Users\adamgontarczyk\AppData\Local\Temp\jSerialComm

VM Arguments:
jvm_args: -javaagent:C:\Automatyka\IDEA\IntelliJ IDEA Community Edition 2021.3.3\lib\idea_rt.jar=64736:C:\Automatyka\IDEA\IntelliJ IDEA Community Edition 2021.3.3\bin -Dfile.encoding=UTF-8 
java_command: app.aplication
java_class_path (initial): C:\Automatyka\Projekty\javaWorkspace\javalocki i c\rotaryPendulum\out\production\rotaryPendulum;C:\Automatyka\Projekty\javaWorkspace\javalocki i c\rotaryPendulum\jSerialComm-2.9.0.jar
Launcher Type: SUN_STANDARD

[Global flags]
     intx CICompilerCount                          = 4                                         {product} {ergonomic}
     uint ConcGCThreads                            = 2                                         {product} {ergonomic}
     uint G1ConcRefinementThreads                  = 8                                         {product} {ergonomic}
   size_t G1HeapRegionSize                         = 1048576                                   {product} {ergonomic}
    uintx GCDrainStackTargetSize                   = 64                                        {product} {ergonomic}
   size_t InitialHeapSize                          = 268435456                                 {product} {ergonomic}
   size_t MarkStackSize                            = 4194304                                   {product} {ergonomic}
   size_t MaxHeapSize                              = 4267704320                                {product} {ergonomic}
   size_t MaxNewSize                               = 2560622592                                {product} {ergonomic}
   size_t MinHeapDeltaBytes                        = 1048576                                   {product} {ergonomic}
   size_t MinHeapSize                              = 8388608                                   {product} {ergonomic}
    uintx NonNMethodCodeHeapSize                   = 5839372                                {pd product} {ergonomic}
    uintx NonProfiledCodeHeapSize                  = 122909434                              {pd product} {ergonomic}
    uintx ProfiledCodeHeapSize                     = 122909434                              {pd product} {ergonomic}
    uintx ReservedCodeCacheSize                    = 251658240                              {pd product} {ergonomic}
     bool SegmentedCodeCache                       = true                                      {product} {ergonomic}
   size_t SoftMaxHeapSize                          = 4267704320                             {manageable} {ergonomic}
     bool UseCompressedClassPointers               = true                                 {lp64_product} {ergonomic}
     bool UseCompressedOops                        = true                                 {lp64_product} {ergonomic}
     bool UseG1GC                                  = true                                      {product} {ergonomic}
     bool UseLargePagesIndividualAllocation        = false                                  {pd product} {ergonomic}

Logging:
Log output configuration:
 #0: stdout all=warning uptime,level,tags
 #1: stderr all=off uptime,level,tags

Environment Variables:
PATH=C:\Windows\system32;C:\Windows;C:\Windows\System32\Wbem;C:\Windows\System32\WindowsPowerShell\v1.0\;C:\Windows\System32\OpenSSH\;C:\Program Files (x86)\Intel\Intel(R) Management Engine Components\DAL;C:\Program Files\Intel\Intel(R) Management Engine Components\DAL;C:\Program Files\Microsoft SQL Server\110\Tools\Binn\;C:\Users\adamgontarczyk\AppData\Local\Microsoft\WindowsApps;C:\Program Files (x86)\Common Files\Hilscher GmbH\TLRDecode
USERNAME=AdamGONTARCZYK
OS=Windows_NT
PROCESSOR_IDENTIFIER=Intel64 Family 6 Model 142 Stepping 12, GenuineIntel



---------------  S Y S T E M  ---------------

OS: Windows 10 , 64 bit Build 18362 (10.0.18362.329)
OS uptime: 0 days 0:28 hours

CPU:total 8 (initial active 8) (4 cores per cpu, 2 threads per core) family 6 model 142 stepping 12, cmov, cx8, fxsr, mmx, sse, sse2, sse3, ssse3, sse4.1, sse4.2, popcnt, avx, avx2, aes, clmul, erms, 3dnowpref, lzcnt, ht, tsc, tscinvbit, bmi1, bmi2, adx, fma

Memory: 4k page, system-wide physical 16277M (8553M free)
TotalPageFile size 18709M (AvailPageFile size 10432M)
current process WorkingSet (physical memory assigned to process): 73M, peak: 73M
current process commit charge ("private bytes"): 366M, peak: 366M

vm_info: OpenJDK 64-Bit Server VM (13.0.10+5-MTS) for windows-amd64 JRE (13.0.10+5-MTS) (Zulu13.46+15-CA), built on Dec 28 2021 15:42:39 by "zulu_re" with MS VC++ 15.9 (VS2017)

END.
