#
# A fatal error has been detected by the Java Runtime Environment:
#
#  EXCEPTION_ACCESS_VIOLATION (0xc0000005) at pc=0x00007ffd788806e3, pid=5800, tid=1920
#
# JRE version: OpenJDK Runtime Environment Zulu13.46+15-CA (13.0.10+5) (build 13.0.10+5-MTS)
# Java VM: OpenJDK 64-Bit Server VM Zulu13.46+15-CA (13.0.10+5-MTS, mixed mode, sharing, tiered, compressed oops, g1 gc, windows-amd64)
# Problematic frame:
# V  [jvm.dll+0x6206e3]
#
# No core dump will be written. Minidumps are not enabled by default on client versions of Windows
#
# If you would like to submit a bug report, please visit:
#   http://www.azul.com/support/
#

---------------  S U M M A R Y ------------

Command Line: -javaagent:C:\Automatyka\IDEA\IntelliJ IDEA Community Edition 2021.3.3\lib\idea_rt.jar=49173:C:\Automatyka\IDEA\IntelliJ IDEA Community Edition 2021.3.3\bin -Dfile.encoding=UTF-8 app.aplication

Host: Intel(R) Core(TM) i5-8265U CPU @ 1.60GHz, 8 cores, 15G,  Windows 10 , 64 bit Build 18362 (10.0.18362.329)
Time: Wed Apr  6 10:16:21 2022 ?rodkowoeuropejski czas letni elapsed time: 37.758421 seconds (0d 0h 0m 37s)

---------------  T H R E A D  ---------------

Current thread (0x000001bfe957e000):  JavaThread "Thread-1" [_thread_in_vm, id=1920, stack(0x000000040a400000,0x000000040a500000)]

Stack: [0x000000040a400000,0x000000040a500000],  sp=0x000000040a4fef38,  free space=1019k
Native frames: (J=compiled Java code, j=interpreted, Vv=VM code, C=native code)
V  [jvm.dll+0x6206e3]

Java frames: (J=compiled Java code, j=interpreted, Vv=VM code)
j  com.fazecast.jSerialComm.SerialPort.getCommPorts()[Lcom/fazecast/jSerialComm/SerialPort;+0
j  app.runnable.run()V+0
v  ~StubRoutines::call_stub

siginfo: EXCEPTION_ACCESS_VIOLATION (0xc0000005), reading address 0x0000000000000050


Register to memory mapping:

RIP=0x00007ffd788806e3 jvm.dll
RAX=0x0000000000000050 is an unknown value
RBX=0x0 is NULL
RCX=0x0 is NULL
RDX=0x0000000000000050 is an unknown value
RSP=0x000000040a4fef38 is pointing into the stack for thread: 0x000001bfe957e000
RBP=0x000001bfe7696eb0 points into unknown readable memory: 00 00 00 00 00 00 00 00
RSI=0x0 is NULL
RDI=0x000001bfe957e000 is a thread
R8 =0x000001bfe7696eb0 points into unknown readable memory: 00 00 00 00 00 00 00 00
R9 =0x0 is NULL
R10=0xdeadbeefdeadbeef is an unknown value
R11=0x000000040a4fef80 is pointing into the stack for thread: 0x000001bfe957e000
R12=0x0000000000000002 is an unknown value
R13=0x000001bfe957e318 points into unknown readable memory: 40 25 ce 78 fd 7f 00 00
R14=0x000001bfe957e000 is a thread
R15=0x000001bfe957e000 is a thread


Registers:
RAX=0x0000000000000050, RBX=0x0000000000000000, RCX=0x0000000000000000, RDX=0x0000000000000050
RSP=0x000000040a4fef38, RBP=0x000001bfe7696eb0, RSI=0x0000000000000000, RDI=0x000001bfe957e000
R8 =0x000001bfe7696eb0, R9 =0x0000000000000000, R10=0xdeadbeefdeadbeef, R11=0x000000040a4fef80
R12=0x0000000000000002, R13=0x000001bfe957e318, R14=0x000001bfe957e000, R15=0x000001bfe957e000
RIP=0x00007ffd788806e3, EFLAGS=0x0000000000010246

Top of Stack: (sp=0x000000040a4fef38)
0x000000040a4fef38:   00007ffd7862a352 0000000000000000
0x000000040a4fef48:   000000080016dda0 0000000000000000
0x000000040a4fef58:   000000040a4fefb0 000001bfe957e000
0x000000040a4fef68:   0000000000000000 00006c392037e86d
0x000000040a4fef78:   0000000711090c88 000001bfe957e000
0x000000040a4fef88:   000000040a4ff080 000001bfe8163d00
0x000000040a4fef98:   0000000000000000 000001bfcc70a1b3
0x000000040a4fefa8:   00007ffdcb361dec 000001bfe957e318
0x000000040a4fefb8:   000000040a4ff068 0000000000000380
0x000000040a4fefc8:   000000080076bac9 000000040a4ff020
0x000000040a4fefd8:   000001bfe957e000 000001bfe8163d00
0x000000040a4fefe8:   000001bfcc7100b4 000000080016d678
0x000000040a4feff8:   0000000000000000 000000040a4ff018
0x000000040a4ff008:   000000040a4ff070 0000006b09bb5701
0x000000040a4ff018:   0000000711429390 000000040a4ff010
0x000000040a4ff028:   0000000000000000 000000040a4ff080 

Instructions: (pc=0x00007ffd788806e3)
0x00007ffd788805e3:   ff e8 37 34 01 00 48 8b 4e 60 4c 8b c5 48 8b 46
0x00007ffd788805f3:   58 ba ff ff ff ff 48 8d 0c c8 e8 80 15 1f 00 48
0x00007ffd78880603:   8b 6c 24 40 48 3b fb 73 0f 48 8b 06 48 2b df 48
0x00007ffd78880613:   8b d3 48 8b ce ff 50 08 48 8b 5c 24 48 48 c1 ef
0x00007ffd78880623:   03 48 89 7e 60 48 8b 74 24 50 48 83 c4 30 5f c3
0x00007ffd78880633:   cc cc cc cc cc cc cc cc cc cc cc cc cc 40 53 48
0x00007ffd78880643:   83 ec 20 48 89 11 49 8b c0 33 d2 4c 89 41 08 49
0x00007ffd78880653:   f7 f1 48 8b d9 4c 89 49 10 48 83 c0 07 ba 08 00
0x00007ffd78880663:   00 00 48 c1 e8 03 48 89 41 28 48 8b c8 e8 5b 67
0x00007ffd78880673:   00 00 48 89 43 18 ba 08 00 00 00 48 8b 4b 28 e8
0x00007ffd78880683:   49 67 00 00 48 89 43 20 33 d2 4c 8b 43 28 48 8b
0x00007ffd78880693:   c8 e8 e9 14 1f 00 4c 8b 43 28 33 d2 48 8b 4b 18
0x00007ffd788806a3:   e8 da 14 1f 00 48 8b c3 48 83 c4 20 5b c3 cc cc
0x00007ffd788806b3:   cc cc cc cc cc cc cc cc cc cc cc cc cc 40 53 48
0x00007ffd788806c3:   83 ec 20 48 8b d9 48 8b 49 18 e8 1e 5f 00 00 48
0x00007ffd788806d3:   8b 4b 20 48 83 c4 20 5b e9 10 5f 00 00 48 63 c2
0x00007ffd788806e3:   48 8b 04 08 c3 cc cc cc cc cc cc cc cc 48 63 c2
0x00007ffd788806f3:   4c 89 04 08 c3 cc cc cc cc cc cc cc cc 48 63 c2
0x00007ffd78880703:   0f b6 04 08 c3 cc cc cc cc cc cc cc cc 48 63 c2
0x00007ffd78880713:   0f b7 04 08 c3 cc cc cc cc cc cc cc cc 48 83 ec
0x00007ffd78880723:   38 8b 02 85 c0 74 7a 8b 0d 00 f3 45 00 48 89 5c
0x00007ffd78880733:   24 30 8b d8 48 d3 e3 48 03 1d e7 f2 45 00 74 5c
0x00007ffd78880743:   48 8b 0d 66 c8 52 00 48 8b d3 48 8b 01 ff 90 20
0x00007ffd78880753:   02 00 00 84 c0 74 13 48 8b 03 48 85 c0 75 3d 8b
0x00007ffd78880763:   05 18 36 50 00 83 f8 02 75 32 4c 8d 0d ac 18 31
0x00007ffd78880773:   00 48 89 5c 24 20 4c 8d 05 b8 18 31 00 ba 8a 00
0x00007ffd78880783:   00 00 48 8d 0d dc 18 31 00 e8 4f 06 c3 ff 48 8b
0x00007ffd78880793:   5c 24 30 48 83 c4 38 e9 81 32 01 00 48 8b 5c 24
0x00007ffd788807a3:   30 48 83 c4 38 c3 cc cc cc cc cc cc cc 40 53 48
0x00007ffd788807b3:   83 ec 30 48 8b 1a 48 85 db 74 58 48 8b 0d eb c7
0x00007ffd788807c3:   52 00 48 8b d3 48 8b 01 ff 90 20 02 00 00 84 c0
0x00007ffd788807d3:   74 13 48 8b 03 48 85 c0 75 39 8b 05 9d 35 50 00 


Stack slot to memory mapping:
stack at sp + 0 slots: 0x00007ffd7862a352 jvm.dll
stack at sp + 1 slots: 0x0 is NULL
stack at sp + 2 slots: {method} {0x000000080016dda8} 'printStackTrace' '(Ljava/lang/Throwable$PrintStreamOrWriter;)V' in 'java/lang/Throwable'
stack at sp + 3 slots: 0x0 is NULL
stack at sp + 4 slots: 0x000000040a4fefb0 is pointing into the stack for thread: 0x000001bfe957e000
stack at sp + 5 slots: 0x000001bfe957e000 is a thread
stack at sp + 6 slots: 0x0 is NULL
stack at sp + 7 slots: 0x00006c392037e86d is an unknown value


---------------  P R O C E S S  ---------------

Threads class SMR info:
_java_thread_list=0x000001bfe9543d50, length=19, elements={
0x000001bfe7687000, 0x000001bfe768b000, 0x000001bfe76a8800, 0x000001bfe76a9800,
0x000001bfe76ac000, 0x000001bfe76ad000, 0x000001bfe85f7800, 0x000001bfe860f000,
0x000001bfe766e000, 0x000001bfe87a1000, 0x000001bfe92f2000, 0x000001bfe92f3000,
0x000001bfe93ce800, 0x000001bfc3f1d800, 0x000001bfe957e000, 0x000001bfe9586000,
0x000001bfe958f800, 0x000001bfe949f000, 0x000001bfe8724800
}

Java Threads: ( => current thread )
  0x000001bfe7687000 JavaThread "Reference Handler" daemon [_thread_blocked, id=13484, stack(0x0000000409200000,0x0000000409300000)]
  0x000001bfe768b000 JavaThread "Finalizer" daemon [_thread_blocked, id=6740, stack(0x0000000409300000,0x0000000409400000)]
  0x000001bfe76a8800 JavaThread "Signal Dispatcher" daemon [_thread_blocked, id=10188, stack(0x0000000409400000,0x0000000409500000)]
  0x000001bfe76a9800 JavaThread "Attach Listener" daemon [_thread_blocked, id=14260, stack(0x0000000409500000,0x0000000409600000)]
  0x000001bfe76ac000 JavaThread "Service Thread" daemon [_thread_blocked, id=13392, stack(0x0000000409600000,0x0000000409700000)]
  0x000001bfe76ad000 JavaThread "C2 CompilerThread0" daemon [_thread_blocked, id=12460, stack(0x0000000409700000,0x0000000409800000)]
  0x000001bfe85f7800 JavaThread "C1 CompilerThread0" daemon [_thread_blocked, id=14000, stack(0x0000000409800000,0x0000000409900000)]
  0x000001bfe860f000 JavaThread "Sweeper thread" daemon [_thread_blocked, id=11292, stack(0x0000000409900000,0x0000000409a00000)]
  0x000001bfe766e000 JavaThread "Common-Cleaner" daemon [_thread_blocked, id=10400, stack(0x0000000409a00000,0x0000000409b00000)]
  0x000001bfe87a1000 JavaThread "Monitor Ctrl-Break" daemon [_thread_in_native, id=13932, stack(0x0000000409b00000,0x0000000409c00000)]
  0x000001bfe92f2000 JavaThread "Java2D Disposer" daemon [_thread_blocked, id=8560, stack(0x0000000409d00000,0x0000000409e00000)]
  0x000001bfe92f3000 JavaThread "AWT-Shutdown" [_thread_blocked, id=10908, stack(0x0000000409e00000,0x0000000409f00000)]
  0x000001bfe93ce800 JavaThread "AWT-EventQueue-0" [_thread_blocked, id=4100, stack(0x000000040a000000,0x000000040a100000)]
  0x000001bfc3f1d800 JavaThread "DestroyJavaVM" [_thread_blocked, id=10604, stack(0x0000000408b00000,0x0000000408c00000)]
=>0x000001bfe957e000 JavaThread "Thread-1" [_thread_in_vm, id=1920, stack(0x000000040a400000,0x000000040a500000)]
  0x000001bfe9586000 JavaThread "Thread-2" [_thread_in_native, id=6692, stack(0x000000040a500000,0x000000040a600000)]
  0x000001bfe958f800 JavaThread "TimerQueue" daemon [_thread_blocked, id=3264, stack(0x000000040a600000,0x000000040a700000)]
  0x000001bfe949f000 JavaThread "SIGINT handler" daemon [_thread_blocked, id=1952, stack(0x0000000408800000,0x0000000408900000)]
  0x000001bfe8724800 JavaThread "ToolkitShutdown" daemon [_thread_in_native, id=4380, stack(0x0000000408a00000,0x0000000408b00000)]

Other Threads:
  0x000001bfe7684000 VMThread "VM Thread" [stack: 0x0000000409100000,0x0000000409200000] [id=1508]
  0x000001bfe87a2000 WatcherThread [stack: 0x0000000409c00000,0x0000000409d00000] [id=11536]
  0x000001bfc3f84800 GCTaskThread "GC Thread#0" [stack: 0x0000000408c00000,0x0000000408d00000] [id=3388]
  0x000001bfc3fa5800 ConcurrentGCThread "G1 Main Marker" [stack: 0x0000000408d00000,0x0000000408e00000] [id=12772]
  0x000001bfc3fa7000 ConcurrentGCThread "G1 Conc#0" [stack: 0x0000000408e00000,0x0000000408f00000] [id=11688]
  0x000001bfe75dd800 ConcurrentGCThread "G1 Refine#0" [stack: 0x0000000408f00000,0x0000000409000000] [id=5464]
  0x000001bfe75de800 ConcurrentGCThread "G1 Young RemSet Sampling" [stack: 0x0000000409000000,0x0000000409100000] [id=5036]

Threads with active compile tasks:

VM state:not at safepoint (normal execution)

VM Mutex/Monitor currently owned by a thread: None

Heap address: 0x0000000701a00000, size: 4070 MB, Compressed Oops mode: Zero based, Oop shift amount: 3
Narrow klass base: 0x0000000800000000, Narrow klass shift: 3
Compressed class space size: 1073741824 Address: 0x0000000800b50000

Heap:
 garbage-first heap   total 262144K, used 13312K [0x0000000701a00000, 0x0000000800000000)
  region size 1024K, 13 young (13312K), 0 survivors (0K)
 Metaspace       used 10734K, capacity 10939K, committed 11136K, reserved 1058816K
  class space    used 1243K, capacity 1359K, committed 1408K, reserved 1048576K
Heap Regions: E=young(eden), S=young(survivor), O=old, HS=humongous(starts), HC=humongous(continues), CS=collection set, F=free, A=archive, TAMS=top-at-mark-start (previous, next)
|   0|0x0000000701a00000, 0x0000000701b00000, 0x0000000701b00000|100%|HS|  |TAMS 0x0000000701a00000, 0x0000000701a00000| Complete 
|   1|0x0000000701b00000, 0x0000000701b00000, 0x0000000701c00000|  0%| F|  |TAMS 0x0000000701b00000, 0x0000000701b00000| Untracked 
|   2|0x0000000701c00000, 0x0000000701c00000, 0x0000000701d00000|  0%| F|  |TAMS 0x0000000701c00000, 0x0000000701c00000| Untracked 
|   3|0x0000000701d00000, 0x0000000701d00000, 0x0000000701e00000|  0%| F|  |TAMS 0x0000000701d00000, 0x0000000701d00000| Untracked 
|   4|0x0000000701e00000, 0x0000000701e00000, 0x0000000701f00000|  0%| F|  |TAMS 0x0000000701e00000, 0x0000000701e00000| Untracked 
|   5|0x0000000701f00000, 0x0000000701f00000, 0x0000000702000000|  0%| F|  |TAMS 0x0000000701f00000, 0x0000000701f00000| Untracked 
|   6|0x0000000702000000, 0x0000000702000000, 0x0000000702100000|  0%| F|  |TAMS 0x0000000702000000, 0x0000000702000000| Untracked 
|   7|0x0000000702100000, 0x0000000702100000, 0x0000000702200000|  0%| F|  |TAMS 0x0000000702100000, 0x0000000702100000| Untracked 
|   8|0x0000000702200000, 0x0000000702200000, 0x0000000702300000|  0%| F|  |TAMS 0x0000000702200000, 0x0000000702200000| Untracked 
|   9|0x0000000702300000, 0x0000000702300000, 0x0000000702400000|  0%| F|  |TAMS 0x0000000702300000, 0x0000000702300000| Untracked 
|  10|0x0000000702400000, 0x0000000702400000, 0x0000000702500000|  0%| F|  |TAMS 0x0000000702400000, 0x0000000702400000| Untracked 
|  11|0x0000000702500000, 0x0000000702500000, 0x0000000702600000|  0%| F|  |TAMS 0x0000000702500000, 0x0000000702500000| Untracked 
|  12|0x0000000702600000, 0x0000000702600000, 0x0000000702700000|  0%| F|  |TAMS 0x0000000702600000, 0x0000000702600000| Untracked 
|  13|0x0000000702700000, 0x0000000702700000, 0x0000000702800000|  0%| F|  |TAMS 0x0000000702700000, 0x0000000702700000| Untracked 
|  14|0x0000000702800000, 0x0000000702800000, 0x0000000702900000|  0%| F|  |TAMS 0x0000000702800000, 0x0000000702800000| Untracked 
|  15|0x0000000702900000, 0x0000000702900000, 0x0000000702a00000|  0%| F|  |TAMS 0x0000000702900000, 0x0000000702900000| Untracked 
|  16|0x0000000702a00000, 0x0000000702a00000, 0x0000000702b00000|  0%| F|  |TAMS 0x0000000702a00000, 0x0000000702a00000| Untracked 
|  17|0x0000000702b00000, 0x0000000702b00000, 0x0000000702c00000|  0%| F|  |TAMS 0x0000000702b00000, 0x0000000702b00000| Untracked 
|  18|0x0000000702c00000, 0x0000000702c00000, 0x0000000702d00000|  0%| F|  |TAMS 0x0000000702c00000, 0x0000000702c00000| Untracked 
|  19|0x0000000702d00000, 0x0000000702d00000, 0x0000000702e00000|  0%| F|  |TAMS 0x0000000702d00000, 0x0000000702d00000| Untracked 
|  20|0x0000000702e00000, 0x0000000702e00000, 0x0000000702f00000|  0%| F|  |TAMS 0x0000000702e00000, 0x0000000702e00000| Untracked 
|  21|0x0000000702f00000, 0x0000000702f00000, 0x0000000703000000|  0%| F|  |TAMS 0x0000000702f00000, 0x0000000702f00000| Untracked 
|  22|0x0000000703000000, 0x0000000703000000, 0x0000000703100000|  0%| F|  |TAMS 0x0000000703000000, 0x0000000703000000| Untracked 
|  23|0x0000000703100000, 0x0000000703100000, 0x0000000703200000|  0%| F|  |TAMS 0x0000000703100000, 0x0000000703100000| Untracked 
|  24|0x0000000703200000, 0x0000000703200000, 0x0000000703300000|  0%| F|  |TAMS 0x0000000703200000, 0x0000000703200000| Untracked 
|  25|0x0000000703300000, 0x0000000703300000, 0x0000000703400000|  0%| F|  |TAMS 0x0000000703300000, 0x0000000703300000| Untracked 
|  26|0x0000000703400000, 0x0000000703400000, 0x0000000703500000|  0%| F|  |TAMS 0x0000000703400000, 0x0000000703400000| Untracked 
|  27|0x0000000703500000, 0x0000000703500000, 0x0000000703600000|  0%| F|  |TAMS 0x0000000703500000, 0x0000000703500000| Untracked 
|  28|0x0000000703600000, 0x0000000703600000, 0x0000000703700000|  0%| F|  |TAMS 0x0000000703600000, 0x0000000703600000| Untracked 
|  29|0x0000000703700000, 0x0000000703700000, 0x0000000703800000|  0%| F|  |TAMS 0x0000000703700000, 0x0000000703700000| Untracked 
|  30|0x0000000703800000, 0x0000000703800000, 0x0000000703900000|  0%| F|  |TAMS 0x0000000703800000, 0x0000000703800000| Untracked 
|  31|0x0000000703900000, 0x0000000703900000, 0x0000000703a00000|  0%| F|  |TAMS 0x0000000703900000, 0x0000000703900000| Untracked 
|  32|0x0000000703a00000, 0x0000000703a00000, 0x0000000703b00000|  0%| F|  |TAMS 0x0000000703a00000, 0x0000000703a00000| Untracked 
|  33|0x0000000703b00000, 0x0000000703b00000, 0x0000000703c00000|  0%| F|  |TAMS 0x0000000703b00000, 0x0000000703b00000| Untracked 
|  34|0x0000000703c00000, 0x0000000703c00000, 0x0000000703d00000|  0%| F|  |TAMS 0x0000000703c00000, 0x0000000703c00000| Untracked 
|  35|0x0000000703d00000, 0x0000000703d00000, 0x0000000703e00000|  0%| F|  |TAMS 0x0000000703d00000, 0x0000000703d00000| Untracked 
|  36|0x0000000703e00000, 0x0000000703e00000, 0x0000000703f00000|  0%| F|  |TAMS 0x0000000703e00000, 0x0000000703e00000| Untracked 
|  37|0x0000000703f00000, 0x0000000703f00000, 0x0000000704000000|  0%| F|  |TAMS 0x0000000703f00000, 0x0000000703f00000| Untracked 
|  38|0x0000000704000000, 0x0000000704000000, 0x0000000704100000|  0%| F|  |TAMS 0x0000000704000000, 0x0000000704000000| Untracked 
|  39|0x0000000704100000, 0x0000000704100000, 0x0000000704200000|  0%| F|  |TAMS 0x0000000704100000, 0x0000000704100000| Untracked 
|  40|0x0000000704200000, 0x0000000704200000, 0x0000000704300000|  0%| F|  |TAMS 0x0000000704200000, 0x0000000704200000| Untracked 
|  41|0x0000000704300000, 0x0000000704300000, 0x0000000704400000|  0%| F|  |TAMS 0x0000000704300000, 0x0000000704300000| Untracked 
|  42|0x0000000704400000, 0x0000000704400000, 0x0000000704500000|  0%| F|  |TAMS 0x0000000704400000, 0x0000000704400000| Untracked 
|  43|0x0000000704500000, 0x0000000704500000, 0x0000000704600000|  0%| F|  |TAMS 0x0000000704500000, 0x0000000704500000| Untracked 
|  44|0x0000000704600000, 0x0000000704600000, 0x0000000704700000|  0%| F|  |TAMS 0x0000000704600000, 0x0000000704600000| Untracked 
|  45|0x0000000704700000, 0x0000000704700000, 0x0000000704800000|  0%| F|  |TAMS 0x0000000704700000, 0x0000000704700000| Untracked 
|  46|0x0000000704800000, 0x0000000704800000, 0x0000000704900000|  0%| F|  |TAMS 0x0000000704800000, 0x0000000704800000| Untracked 
|  47|0x0000000704900000, 0x0000000704900000, 0x0000000704a00000|  0%| F|  |TAMS 0x0000000704900000, 0x0000000704900000| Untracked 
|  48|0x0000000704a00000, 0x0000000704a00000, 0x0000000704b00000|  0%| F|  |TAMS 0x0000000704a00000, 0x0000000704a00000| Untracked 
|  49|0x0000000704b00000, 0x0000000704b00000, 0x0000000704c00000|  0%| F|  |TAMS 0x0000000704b00000, 0x0000000704b00000| Untracked 
|  50|0x0000000704c00000, 0x0000000704c00000, 0x0000000704d00000|  0%| F|  |TAMS 0x0000000704c00000, 0x0000000704c00000| Untracked 
|  51|0x0000000704d00000, 0x0000000704d00000, 0x0000000704e00000|  0%| F|  |TAMS 0x0000000704d00000, 0x0000000704d00000| Untracked 
|  52|0x0000000704e00000, 0x0000000704e00000, 0x0000000704f00000|  0%| F|  |TAMS 0x0000000704e00000, 0x0000000704e00000| Untracked 
|  53|0x0000000704f00000, 0x0000000704f00000, 0x0000000705000000|  0%| F|  |TAMS 0x0000000704f00000, 0x0000000704f00000| Untracked 
|  54|0x0000000705000000, 0x0000000705000000, 0x0000000705100000|  0%| F|  |TAMS 0x0000000705000000, 0x0000000705000000| Untracked 
|  55|0x0000000705100000, 0x0000000705100000, 0x0000000705200000|  0%| F|  |TAMS 0x0000000705100000, 0x0000000705100000| Untracked 
|  56|0x0000000705200000, 0x0000000705200000, 0x0000000705300000|  0%| F|  |TAMS 0x0000000705200000, 0x0000000705200000| Untracked 
|  57|0x0000000705300000, 0x0000000705300000, 0x0000000705400000|  0%| F|  |TAMS 0x0000000705300000, 0x0000000705300000| Untracked 
|  58|0x0000000705400000, 0x0000000705400000, 0x0000000705500000|  0%| F|  |TAMS 0x0000000705400000, 0x0000000705400000| Untracked 
|  59|0x0000000705500000, 0x0000000705500000, 0x0000000705600000|  0%| F|  |TAMS 0x0000000705500000, 0x0000000705500000| Untracked 
|  60|0x0000000705600000, 0x0000000705600000, 0x0000000705700000|  0%| F|  |TAMS 0x0000000705600000, 0x0000000705600000| Untracked 
|  61|0x0000000705700000, 0x0000000705700000, 0x0000000705800000|  0%| F|  |TAMS 0x0000000705700000, 0x0000000705700000| Untracked 
|  62|0x0000000705800000, 0x0000000705800000, 0x0000000705900000|  0%| F|  |TAMS 0x0000000705800000, 0x0000000705800000| Untracked 
|  63|0x0000000705900000, 0x0000000705900000, 0x0000000705a00000|  0%| F|  |TAMS 0x0000000705900000, 0x0000000705900000| Untracked 
|  64|0x0000000705a00000, 0x0000000705a00000, 0x0000000705b00000|  0%| F|  |TAMS 0x0000000705a00000, 0x0000000705a00000| Untracked 
|  65|0x0000000705b00000, 0x0000000705b00000, 0x0000000705c00000|  0%| F|  |TAMS 0x0000000705b00000, 0x0000000705b00000| Untracked 
|  66|0x0000000705c00000, 0x0000000705c00000, 0x0000000705d00000|  0%| F|  |TAMS 0x0000000705c00000, 0x0000000705c00000| Untracked 
|  67|0x0000000705d00000, 0x0000000705d00000, 0x0000000705e00000|  0%| F|  |TAMS 0x0000000705d00000, 0x0000000705d00000| Untracked 
|  68|0x0000000705e00000, 0x0000000705e00000, 0x0000000705f00000|  0%| F|  |TAMS 0x0000000705e00000, 0x0000000705e00000| Untracked 
|  69|0x0000000705f00000, 0x0000000705f00000, 0x0000000706000000|  0%| F|  |TAMS 0x0000000705f00000, 0x0000000705f00000| Untracked 
|  70|0x0000000706000000, 0x0000000706000000, 0x0000000706100000|  0%| F|  |TAMS 0x0000000706000000, 0x0000000706000000| Untracked 
|  71|0x0000000706100000, 0x0000000706100000, 0x0000000706200000|  0%| F|  |TAMS 0x0000000706100000, 0x0000000706100000| Untracked 
|  72|0x0000000706200000, 0x0000000706200000, 0x0000000706300000|  0%| F|  |TAMS 0x0000000706200000, 0x0000000706200000| Untracked 
|  73|0x0000000706300000, 0x0000000706300000, 0x0000000706400000|  0%| F|  |TAMS 0x0000000706300000, 0x0000000706300000| Untracked 
|  74|0x0000000706400000, 0x0000000706400000, 0x0000000706500000|  0%| F|  |TAMS 0x0000000706400000, 0x0000000706400000| Untracked 
|  75|0x0000000706500000, 0x0000000706500000, 0x0000000706600000|  0%| F|  |TAMS 0x0000000706500000, 0x0000000706500000| Untracked 
|  76|0x0000000706600000, 0x0000000706600000, 0x0000000706700000|  0%| F|  |TAMS 0x0000000706600000, 0x0000000706600000| Untracked 
|  77|0x0000000706700000, 0x0000000706700000, 0x0000000706800000|  0%| F|  |TAMS 0x0000000706700000, 0x0000000706700000| Untracked 
|  78|0x0000000706800000, 0x0000000706800000, 0x0000000706900000|  0%| F|  |TAMS 0x0000000706800000, 0x0000000706800000| Untracked 
|  79|0x0000000706900000, 0x0000000706900000, 0x0000000706a00000|  0%| F|  |TAMS 0x0000000706900000, 0x0000000706900000| Untracked 
|  80|0x0000000706a00000, 0x0000000706a00000, 0x0000000706b00000|  0%| F|  |TAMS 0x0000000706a00000, 0x0000000706a00000| Untracked 
|  81|0x0000000706b00000, 0x0000000706b00000, 0x0000000706c00000|  0%| F|  |TAMS 0x0000000706b00000, 0x0000000706b00000| Untracked 
|  82|0x0000000706c00000, 0x0000000706c00000, 0x0000000706d00000|  0%| F|  |TAMS 0x0000000706c00000, 0x0000000706c00000| Untracked 
|  83|0x0000000706d00000, 0x0000000706d00000, 0x0000000706e00000|  0%| F|  |TAMS 0x0000000706d00000, 0x0000000706d00000| Untracked 
|  84|0x0000000706e00000, 0x0000000706e00000, 0x0000000706f00000|  0%| F|  |TAMS 0x0000000706e00000, 0x0000000706e00000| Untracked 
|  85|0x0000000706f00000, 0x0000000706f00000, 0x0000000707000000|  0%| F|  |TAMS 0x0000000706f00000, 0x0000000706f00000| Untracked 
|  86|0x0000000707000000, 0x0000000707000000, 0x0000000707100000|  0%| F|  |TAMS 0x0000000707000000, 0x0000000707000000| Untracked 
|  87|0x0000000707100000, 0x0000000707100000, 0x0000000707200000|  0%| F|  |TAMS 0x0000000707100000, 0x0000000707100000| Untracked 
|  88|0x0000000707200000, 0x0000000707200000, 0x0000000707300000|  0%| F|  |TAMS 0x0000000707200000, 0x0000000707200000| Untracked 
|  89|0x0000000707300000, 0x0000000707300000, 0x0000000707400000|  0%| F|  |TAMS 0x0000000707300000, 0x0000000707300000| Untracked 
|  90|0x0000000707400000, 0x0000000707400000, 0x0000000707500000|  0%| F|  |TAMS 0x0000000707400000, 0x0000000707400000| Untracked 
|  91|0x0000000707500000, 0x0000000707500000, 0x0000000707600000|  0%| F|  |TAMS 0x0000000707500000, 0x0000000707500000| Untracked 
|  92|0x0000000707600000, 0x0000000707600000, 0x0000000707700000|  0%| F|  |TAMS 0x0000000707600000, 0x0000000707600000| Untracked 
|  93|0x0000000707700000, 0x0000000707700000, 0x0000000707800000|  0%| F|  |TAMS 0x0000000707700000, 0x0000000707700000| Untracked 
|  94|0x0000000707800000, 0x0000000707800000, 0x0000000707900000|  0%| F|  |TAMS 0x0000000707800000, 0x0000000707800000| Untracked 
|  95|0x0000000707900000, 0x0000000707900000, 0x0000000707a00000|  0%| F|  |TAMS 0x0000000707900000, 0x0000000707900000| Untracked 
|  96|0x0000000707a00000, 0x0000000707a00000, 0x0000000707b00000|  0%| F|  |TAMS 0x0000000707a00000, 0x0000000707a00000| Untracked 
|  97|0x0000000707b00000, 0x0000000707b00000, 0x0000000707c00000|  0%| F|  |TAMS 0x0000000707b00000, 0x0000000707b00000| Untracked 
|  98|0x0000000707c00000, 0x0000000707c00000, 0x0000000707d00000|  0%| F|  |TAMS 0x0000000707c00000, 0x0000000707c00000| Untracked 
|  99|0x0000000707d00000, 0x0000000707d00000, 0x0000000707e00000|  0%| F|  |TAMS 0x0000000707d00000, 0x0000000707d00000| Untracked 
| 100|0x0000000707e00000, 0x0000000707e00000, 0x0000000707f00000|  0%| F|  |TAMS 0x0000000707e00000, 0x0000000707e00000| Untracked 
| 101|0x0000000707f00000, 0x0000000707f00000, 0x0000000708000000|  0%| F|  |TAMS 0x0000000707f00000, 0x0000000707f00000| Untracked 
| 102|0x0000000708000000, 0x0000000708000000, 0x0000000708100000|  0%| F|  |TAMS 0x0000000708000000, 0x0000000708000000| Untracked 
| 103|0x0000000708100000, 0x0000000708100000, 0x0000000708200000|  0%| F|  |TAMS 0x0000000708100000, 0x0000000708100000| Untracked 
| 104|0x0000000708200000, 0x0000000708200000, 0x0000000708300000|  0%| F|  |TAMS 0x0000000708200000, 0x0000000708200000| Untracked 
| 105|0x0000000708300000, 0x0000000708300000, 0x0000000708400000|  0%| F|  |TAMS 0x0000000708300000, 0x0000000708300000| Untracked 
| 106|0x0000000708400000, 0x0000000708400000, 0x0000000708500000|  0%| F|  |TAMS 0x0000000708400000, 0x0000000708400000| Untracked 
| 107|0x0000000708500000, 0x0000000708500000, 0x0000000708600000|  0%| F|  |TAMS 0x0000000708500000, 0x0000000708500000| Untracked 
| 108|0x0000000708600000, 0x0000000708600000, 0x0000000708700000|  0%| F|  |TAMS 0x0000000708600000, 0x0000000708600000| Untracked 
| 109|0x0000000708700000, 0x0000000708700000, 0x0000000708800000|  0%| F|  |TAMS 0x0000000708700000, 0x0000000708700000| Untracked 
| 110|0x0000000708800000, 0x0000000708800000, 0x0000000708900000|  0%| F|  |TAMS 0x0000000708800000, 0x0000000708800000| Untracked 
| 111|0x0000000708900000, 0x0000000708900000, 0x0000000708a00000|  0%| F|  |TAMS 0x0000000708900000, 0x0000000708900000| Untracked 
| 112|0x0000000708a00000, 0x0000000708a00000, 0x0000000708b00000|  0%| F|  |TAMS 0x0000000708a00000, 0x0000000708a00000| Untracked 
| 113|0x0000000708b00000, 0x0000000708b00000, 0x0000000708c00000|  0%| F|  |TAMS 0x0000000708b00000, 0x0000000708b00000| Untracked 
| 114|0x0000000708c00000, 0x0000000708c00000, 0x0000000708d00000|  0%| F|  |TAMS 0x0000000708c00000, 0x0000000708c00000| Untracked 
| 115|0x0000000708d00000, 0x0000000708d00000, 0x0000000708e00000|  0%| F|  |TAMS 0x0000000708d00000, 0x0000000708d00000| Untracked 
| 116|0x0000000708e00000, 0x0000000708e00000, 0x0000000708f00000|  0%| F|  |TAMS 0x0000000708e00000, 0x0000000708e00000| Untracked 
| 117|0x0000000708f00000, 0x0000000708f00000, 0x0000000709000000|  0%| F|  |TAMS 0x0000000708f00000, 0x0000000708f00000| Untracked 
| 118|0x0000000709000000, 0x0000000709000000, 0x0000000709100000|  0%| F|  |TAMS 0x0000000709000000, 0x0000000709000000| Untracked 
| 119|0x0000000709100000, 0x0000000709100000, 0x0000000709200000|  0%| F|  |TAMS 0x0000000709100000, 0x0000000709100000| Untracked 
| 120|0x0000000709200000, 0x0000000709200000, 0x0000000709300000|  0%| F|  |TAMS 0x0000000709200000, 0x0000000709200000| Untracked 
| 121|0x0000000709300000, 0x0000000709300000, 0x0000000709400000|  0%| F|  |TAMS 0x0000000709300000, 0x0000000709300000| Untracked 
| 122|0x0000000709400000, 0x0000000709400000, 0x0000000709500000|  0%| F|  |TAMS 0x0000000709400000, 0x0000000709400000| Untracked 
| 123|0x0000000709500000, 0x0000000709500000, 0x0000000709600000|  0%| F|  |TAMS 0x0000000709500000, 0x0000000709500000| Untracked 
| 124|0x0000000709600000, 0x0000000709600000, 0x0000000709700000|  0%| F|  |TAMS 0x0000000709600000, 0x0000000709600000| Untracked 
| 125|0x0000000709700000, 0x0000000709700000, 0x0000000709800000|  0%| F|  |TAMS 0x0000000709700000, 0x0000000709700000| Untracked 
| 126|0x0000000709800000, 0x0000000709800000, 0x0000000709900000|  0%| F|  |TAMS 0x0000000709800000, 0x0000000709800000| Untracked 
| 127|0x0000000709900000, 0x0000000709900000, 0x0000000709a00000|  0%| F|  |TAMS 0x0000000709900000, 0x0000000709900000| Untracked 
| 128|0x0000000709a00000, 0x0000000709a00000, 0x0000000709b00000|  0%| F|  |TAMS 0x0000000709a00000, 0x0000000709a00000| Untracked 
| 129|0x0000000709b00000, 0x0000000709b00000, 0x0000000709c00000|  0%| F|  |TAMS 0x0000000709b00000, 0x0000000709b00000| Untracked 
| 130|0x0000000709c00000, 0x0000000709c00000, 0x0000000709d00000|  0%| F|  |TAMS 0x0000000709c00000, 0x0000000709c00000| Untracked 
| 131|0x0000000709d00000, 0x0000000709d00000, 0x0000000709e00000|  0%| F|  |TAMS 0x0000000709d00000, 0x0000000709d00000| Untracked 
| 132|0x0000000709e00000, 0x0000000709e00000, 0x0000000709f00000|  0%| F|  |TAMS 0x0000000709e00000, 0x0000000709e00000| Untracked 
| 133|0x0000000709f00000, 0x0000000709f00000, 0x000000070a000000|  0%| F|  |TAMS 0x0000000709f00000, 0x0000000709f00000| Untracked 
| 134|0x000000070a000000, 0x000000070a000000, 0x000000070a100000|  0%| F|  |TAMS 0x000000070a000000, 0x000000070a000000| Untracked 
| 135|0x000000070a100000, 0x000000070a100000, 0x000000070a200000|  0%| F|  |TAMS 0x000000070a100000, 0x000000070a100000| Untracked 
| 136|0x000000070a200000, 0x000000070a200000, 0x000000070a300000|  0%| F|  |TAMS 0x000000070a200000, 0x000000070a200000| Untracked 
| 137|0x000000070a300000, 0x000000070a300000, 0x000000070a400000|  0%| F|  |TAMS 0x000000070a300000, 0x000000070a300000| Untracked 
| 138|0x000000070a400000, 0x000000070a400000, 0x000000070a500000|  0%| F|  |TAMS 0x000000070a400000, 0x000000070a400000| Untracked 
| 139|0x000000070a500000, 0x000000070a500000, 0x000000070a600000|  0%| F|  |TAMS 0x000000070a500000, 0x000000070a500000| Untracked 
| 140|0x000000070a600000, 0x000000070a600000, 0x000000070a700000|  0%| F|  |TAMS 0x000000070a600000, 0x000000070a600000| Untracked 
| 141|0x000000070a700000, 0x000000070a700000, 0x000000070a800000|  0%| F|  |TAMS 0x000000070a700000, 0x000000070a700000| Untracked 
| 142|0x000000070a800000, 0x000000070a800000, 0x000000070a900000|  0%| F|  |TAMS 0x000000070a800000, 0x000000070a800000| Untracked 
| 143|0x000000070a900000, 0x000000070a900000, 0x000000070aa00000|  0%| F|  |TAMS 0x000000070a900000, 0x000000070a900000| Untracked 
| 144|0x000000070aa00000, 0x000000070aa00000, 0x000000070ab00000|  0%| F|  |TAMS 0x000000070aa00000, 0x000000070aa00000| Untracked 
| 145|0x000000070ab00000, 0x000000070ab00000, 0x000000070ac00000|  0%| F|  |TAMS 0x000000070ab00000, 0x000000070ab00000| Untracked 
| 146|0x000000070ac00000, 0x000000070ac00000, 0x000000070ad00000|  0%| F|  |TAMS 0x000000070ac00000, 0x000000070ac00000| Untracked 
| 147|0x000000070ad00000, 0x000000070ad00000, 0x000000070ae00000|  0%| F|  |TAMS 0x000000070ad00000, 0x000000070ad00000| Untracked 
| 148|0x000000070ae00000, 0x000000070ae00000, 0x000000070af00000|  0%| F|  |TAMS 0x000000070ae00000, 0x000000070ae00000| Untracked 
| 149|0x000000070af00000, 0x000000070af00000, 0x000000070b000000|  0%| F|  |TAMS 0x000000070af00000, 0x000000070af00000| Untracked 
| 150|0x000000070b000000, 0x000000070b000000, 0x000000070b100000|  0%| F|  |TAMS 0x000000070b000000, 0x000000070b000000| Untracked 
| 151|0x000000070b100000, 0x000000070b100000, 0x000000070b200000|  0%| F|  |TAMS 0x000000070b100000, 0x000000070b100000| Untracked 
| 152|0x000000070b200000, 0x000000070b200000, 0x000000070b300000|  0%| F|  |TAMS 0x000000070b200000, 0x000000070b200000| Untracked 
| 153|0x000000070b300000, 0x000000070b300000, 0x000000070b400000|  0%| F|  |TAMS 0x000000070b300000, 0x000000070b300000| Untracked 
| 154|0x000000070b400000, 0x000000070b400000, 0x000000070b500000|  0%| F|  |TAMS 0x000000070b400000, 0x000000070b400000| Untracked 
| 155|0x000000070b500000, 0x000000070b500000, 0x000000070b600000|  0%| F|  |TAMS 0x000000070b500000, 0x000000070b500000| Untracked 
| 156|0x000000070b600000, 0x000000070b600000, 0x000000070b700000|  0%| F|  |TAMS 0x000000070b600000, 0x000000070b600000| Untracked 
| 157|0x000000070b700000, 0x000000070b700000, 0x000000070b800000|  0%| F|  |TAMS 0x000000070b700000, 0x000000070b700000| Untracked 
| 158|0x000000070b800000, 0x000000070b800000, 0x000000070b900000|  0%| F|  |TAMS 0x000000070b800000, 0x000000070b800000| Untracked 
| 159|0x000000070b900000, 0x000000070b900000, 0x000000070ba00000|  0%| F|  |TAMS 0x000000070b900000, 0x000000070b900000| Untracked 
| 160|0x000000070ba00000, 0x000000070ba00000, 0x000000070bb00000|  0%| F|  |TAMS 0x000000070ba00000, 0x000000070ba00000| Untracked 
| 161|0x000000070bb00000, 0x000000070bb00000, 0x000000070bc00000|  0%| F|  |TAMS 0x000000070bb00000, 0x000000070bb00000| Untracked 
| 162|0x000000070bc00000, 0x000000070bc00000, 0x000000070bd00000|  0%| F|  |TAMS 0x000000070bc00000, 0x000000070bc00000| Untracked 
| 163|0x000000070bd00000, 0x000000070bd00000, 0x000000070be00000|  0%| F|  |TAMS 0x000000070bd00000, 0x000000070bd00000| Untracked 
| 164|0x000000070be00000, 0x000000070be00000, 0x000000070bf00000|  0%| F|  |TAMS 0x000000070be00000, 0x000000070be00000| Untracked 
| 165|0x000000070bf00000, 0x000000070bf00000, 0x000000070c000000|  0%| F|  |TAMS 0x000000070bf00000, 0x000000070bf00000| Untracked 
| 166|0x000000070c000000, 0x000000070c000000, 0x000000070c100000|  0%| F|  |TAMS 0x000000070c000000, 0x000000070c000000| Untracked 
| 167|0x000000070c100000, 0x000000070c100000, 0x000000070c200000|  0%| F|  |TAMS 0x000000070c100000, 0x000000070c100000| Untracked 
| 168|0x000000070c200000, 0x000000070c200000, 0x000000070c300000|  0%| F|  |TAMS 0x000000070c200000, 0x000000070c200000| Untracked 
| 169|0x000000070c300000, 0x000000070c300000, 0x000000070c400000|  0%| F|  |TAMS 0x000000070c300000, 0x000000070c300000| Untracked 
| 170|0x000000070c400000, 0x000000070c400000, 0x000000070c500000|  0%| F|  |TAMS 0x000000070c400000, 0x000000070c400000| Untracked 
| 171|0x000000070c500000, 0x000000070c500000, 0x000000070c600000|  0%| F|  |TAMS 0x000000070c500000, 0x000000070c500000| Untracked 
| 172|0x000000070c600000, 0x000000070c600000, 0x000000070c700000|  0%| F|  |TAMS 0x000000070c600000, 0x000000070c600000| Untracked 
| 173|0x000000070c700000, 0x000000070c700000, 0x000000070c800000|  0%| F|  |TAMS 0x000000070c700000, 0x000000070c700000| Untracked 
| 174|0x000000070c800000, 0x000000070c800000, 0x000000070c900000|  0%| F|  |TAMS 0x000000070c800000, 0x000000070c800000| Untracked 
| 175|0x000000070c900000, 0x000000070c900000, 0x000000070ca00000|  0%| F|  |TAMS 0x000000070c900000, 0x000000070c900000| Untracked 
| 176|0x000000070ca00000, 0x000000070ca00000, 0x000000070cb00000|  0%| F|  |TAMS 0x000000070ca00000, 0x000000070ca00000| Untracked 
| 177|0x000000070cb00000, 0x000000070cb00000, 0x000000070cc00000|  0%| F|  |TAMS 0x000000070cb00000, 0x000000070cb00000| Untracked 
| 178|0x000000070cc00000, 0x000000070cc00000, 0x000000070cd00000|  0%| F|  |TAMS 0x000000070cc00000, 0x000000070cc00000| Untracked 
| 179|0x000000070cd00000, 0x000000070cd00000, 0x000000070ce00000|  0%| F|  |TAMS 0x000000070cd00000, 0x000000070cd00000| Untracked 
| 180|0x000000070ce00000, 0x000000070ce00000, 0x000000070cf00000|  0%| F|  |TAMS 0x000000070ce00000, 0x000000070ce00000| Untracked 
| 181|0x000000070cf00000, 0x000000070cf00000, 0x000000070d000000|  0%| F|  |TAMS 0x000000070cf00000, 0x000000070cf00000| Untracked 
| 182|0x000000070d000000, 0x000000070d000000, 0x000000070d100000|  0%| F|  |TAMS 0x000000070d000000, 0x000000070d000000| Untracked 
| 183|0x000000070d100000, 0x000000070d100000, 0x000000070d200000|  0%| F|  |TAMS 0x000000070d100000, 0x000000070d100000| Untracked 
| 184|0x000000070d200000, 0x000000070d200000, 0x000000070d300000|  0%| F|  |TAMS 0x000000070d200000, 0x000000070d200000| Untracked 
| 185|0x000000070d300000, 0x000000070d300000, 0x000000070d400000|  0%| F|  |TAMS 0x000000070d300000, 0x000000070d300000| Untracked 
| 186|0x000000070d400000, 0x000000070d400000, 0x000000070d500000|  0%| F|  |TAMS 0x000000070d400000, 0x000000070d400000| Untracked 
| 187|0x000000070d500000, 0x000000070d500000, 0x000000070d600000|  0%| F|  |TAMS 0x000000070d500000, 0x000000070d500000| Untracked 
| 188|0x000000070d600000, 0x000000070d600000, 0x000000070d700000|  0%| F|  |TAMS 0x000000070d600000, 0x000000070d600000| Untracked 
| 189|0x000000070d700000, 0x000000070d700000, 0x000000070d800000|  0%| F|  |TAMS 0x000000070d700000, 0x000000070d700000| Untracked 
| 190|0x000000070d800000, 0x000000070d800000, 0x000000070d900000|  0%| F|  |TAMS 0x000000070d800000, 0x000000070d800000| Untracked 
| 191|0x000000070d900000, 0x000000070d900000, 0x000000070da00000|  0%| F|  |TAMS 0x000000070d900000, 0x000000070d900000| Untracked 
| 192|0x000000070da00000, 0x000000070da00000, 0x000000070db00000|  0%| F|  |TAMS 0x000000070da00000, 0x000000070da00000| Untracked 
| 193|0x000000070db00000, 0x000000070db00000, 0x000000070dc00000|  0%| F|  |TAMS 0x000000070db00000, 0x000000070db00000| Untracked 
| 194|0x000000070dc00000, 0x000000070dc00000, 0x000000070dd00000|  0%| F|  |TAMS 0x000000070dc00000, 0x000000070dc00000| Untracked 
| 195|0x000000070dd00000, 0x000000070dd00000, 0x000000070de00000|  0%| F|  |TAMS 0x000000070dd00000, 0x000000070dd00000| Untracked 
| 196|0x000000070de00000, 0x000000070de00000, 0x000000070df00000|  0%| F|  |TAMS 0x000000070de00000, 0x000000070de00000| Untracked 
| 197|0x000000070df00000, 0x000000070df00000, 0x000000070e000000|  0%| F|  |TAMS 0x000000070df00000, 0x000000070df00000| Untracked 
| 198|0x000000070e000000, 0x000000070e000000, 0x000000070e100000|  0%| F|  |TAMS 0x000000070e000000, 0x000000070e000000| Untracked 
| 199|0x000000070e100000, 0x000000070e100000, 0x000000070e200000|  0%| F|  |TAMS 0x000000070e100000, 0x000000070e100000| Untracked 
| 200|0x000000070e200000, 0x000000070e200000, 0x000000070e300000|  0%| F|  |TAMS 0x000000070e200000, 0x000000070e200000| Untracked 
| 201|0x000000070e300000, 0x000000070e300000, 0x000000070e400000|  0%| F|  |TAMS 0x000000070e300000, 0x000000070e300000| Untracked 
| 202|0x000000070e400000, 0x000000070e400000, 0x000000070e500000|  0%| F|  |TAMS 0x000000070e400000, 0x000000070e400000| Untracked 
| 203|0x000000070e500000, 0x000000070e500000, 0x000000070e600000|  0%| F|  |TAMS 0x000000070e500000, 0x000000070e500000| Untracked 
| 204|0x000000070e600000, 0x000000070e600000, 0x000000070e700000|  0%| F|  |TAMS 0x000000070e600000, 0x000000070e600000| Untracked 
| 205|0x000000070e700000, 0x000000070e700000, 0x000000070e800000|  0%| F|  |TAMS 0x000000070e700000, 0x000000070e700000| Untracked 
| 206|0x000000070e800000, 0x000000070e800000, 0x000000070e900000|  0%| F|  |TAMS 0x000000070e800000, 0x000000070e800000| Untracked 
| 207|0x000000070e900000, 0x000000070e900000, 0x000000070ea00000|  0%| F|  |TAMS 0x000000070e900000, 0x000000070e900000| Untracked 
| 208|0x000000070ea00000, 0x000000070ea00000, 0x000000070eb00000|  0%| F|  |TAMS 0x000000070ea00000, 0x000000070ea00000| Untracked 
| 209|0x000000070eb00000, 0x000000070eb00000, 0x000000070ec00000|  0%| F|  |TAMS 0x000000070eb00000, 0x000000070eb00000| Untracked 
| 210|0x000000070ec00000, 0x000000070ec00000, 0x000000070ed00000|  0%| F|  |TAMS 0x000000070ec00000, 0x000000070ec00000| Untracked 
| 211|0x000000070ed00000, 0x000000070ed00000, 0x000000070ee00000|  0%| F|  |TAMS 0x000000070ed00000, 0x000000070ed00000| Untracked 
| 212|0x000000070ee00000, 0x000000070ee00000, 0x000000070ef00000|  0%| F|  |TAMS 0x000000070ee00000, 0x000000070ee00000| Untracked 
| 213|0x000000070ef00000, 0x000000070ef00000, 0x000000070f000000|  0%| F|  |TAMS 0x000000070ef00000, 0x000000070ef00000| Untracked 
| 214|0x000000070f000000, 0x000000070f000000, 0x000000070f100000|  0%| F|  |TAMS 0x000000070f000000, 0x000000070f000000| Untracked 
| 215|0x000000070f100000, 0x000000070f100000, 0x000000070f200000|  0%| F|  |TAMS 0x000000070f100000, 0x000000070f100000| Untracked 
| 216|0x000000070f200000, 0x000000070f200000, 0x000000070f300000|  0%| F|  |TAMS 0x000000070f200000, 0x000000070f200000| Untracked 
| 217|0x000000070f300000, 0x000000070f300000, 0x000000070f400000|  0%| F|  |TAMS 0x000000070f300000, 0x000000070f300000| Untracked 
| 218|0x000000070f400000, 0x000000070f400000, 0x000000070f500000|  0%| F|  |TAMS 0x000000070f400000, 0x000000070f400000| Untracked 
| 219|0x000000070f500000, 0x000000070f500000, 0x000000070f600000|  0%| F|  |TAMS 0x000000070f500000, 0x000000070f500000| Untracked 
| 220|0x000000070f600000, 0x000000070f600000, 0x000000070f700000|  0%| F|  |TAMS 0x000000070f600000, 0x000000070f600000| Untracked 
| 221|0x000000070f700000, 0x000000070f700000, 0x000000070f800000|  0%| F|  |TAMS 0x000000070f700000, 0x000000070f700000| Untracked 
| 222|0x000000070f800000, 0x000000070f800000, 0x000000070f900000|  0%| F|  |TAMS 0x000000070f800000, 0x000000070f800000| Untracked 
| 223|0x000000070f900000, 0x000000070f900000, 0x000000070fa00000|  0%| F|  |TAMS 0x000000070f900000, 0x000000070f900000| Untracked 
| 224|0x000000070fa00000, 0x000000070fa00000, 0x000000070fb00000|  0%| F|  |TAMS 0x000000070fa00000, 0x000000070fa00000| Untracked 
| 225|0x000000070fb00000, 0x000000070fb00000, 0x000000070fc00000|  0%| F|  |TAMS 0x000000070fb00000, 0x000000070fb00000| Untracked 
| 226|0x000000070fc00000, 0x000000070fc00000, 0x000000070fd00000|  0%| F|  |TAMS 0x000000070fc00000, 0x000000070fc00000| Untracked 
| 227|0x000000070fd00000, 0x000000070fd00000, 0x000000070fe00000|  0%| F|  |TAMS 0x000000070fd00000, 0x000000070fd00000| Untracked 
| 228|0x000000070fe00000, 0x000000070fe00000, 0x000000070ff00000|  0%| F|  |TAMS 0x000000070fe00000, 0x000000070fe00000| Untracked 
| 229|0x000000070ff00000, 0x000000070ff00000, 0x0000000710000000|  0%| F|  |TAMS 0x000000070ff00000, 0x000000070ff00000| Untracked 
| 230|0x0000000710000000, 0x0000000710000000, 0x0000000710100000|  0%| F|  |TAMS 0x0000000710000000, 0x0000000710000000| Untracked 
| 231|0x0000000710100000, 0x0000000710100000, 0x0000000710200000|  0%| F|  |TAMS 0x0000000710100000, 0x0000000710100000| Untracked 
| 232|0x0000000710200000, 0x0000000710200000, 0x0000000710300000|  0%| F|  |TAMS 0x0000000710200000, 0x0000000710200000| Untracked 
| 233|0x0000000710300000, 0x0000000710300000, 0x0000000710400000|  0%| F|  |TAMS 0x0000000710300000, 0x0000000710300000| Untracked 
| 234|0x0000000710400000, 0x0000000710400000, 0x0000000710500000|  0%| F|  |TAMS 0x0000000710400000, 0x0000000710400000| Untracked 
| 235|0x0000000710500000, 0x0000000710500000, 0x0000000710600000|  0%| F|  |TAMS 0x0000000710500000, 0x0000000710500000| Untracked 
| 236|0x0000000710600000, 0x0000000710600000, 0x0000000710700000|  0%| F|  |TAMS 0x0000000710600000, 0x0000000710600000| Untracked 
| 237|0x0000000710700000, 0x0000000710700000, 0x0000000710800000|  0%| F|  |TAMS 0x0000000710700000, 0x0000000710700000| Untracked 
| 238|0x0000000710800000, 0x0000000710800000, 0x0000000710900000|  0%| F|  |TAMS 0x0000000710800000, 0x0000000710800000| Untracked 
| 239|0x0000000710900000, 0x0000000710900000, 0x0000000710a00000|  0%| F|  |TAMS 0x0000000710900000, 0x0000000710900000| Untracked 
| 240|0x0000000710a00000, 0x0000000710a00000, 0x0000000710b00000|  0%| F|  |TAMS 0x0000000710a00000, 0x0000000710a00000| Untracked 
| 241|0x0000000710b00000, 0x0000000710b00000, 0x0000000710c00000|  0%| F|  |TAMS 0x0000000710b00000, 0x0000000710b00000| Untracked 
| 242|0x0000000710c00000, 0x0000000710c00000, 0x0000000710d00000|  0%| F|  |TAMS 0x0000000710c00000, 0x0000000710c00000| Untracked 
| 243|0x0000000710d00000, 0x0000000710d7b628, 0x0000000710e00000| 48%| E|  |TAMS 0x0000000710d00000, 0x0000000710d00000| Complete 
| 244|0x0000000710e00000, 0x0000000710f00000, 0x0000000710f00000|100%| E|CS|TAMS 0x0000000710e00000, 0x0000000710e00000| Complete 
| 245|0x0000000710f00000, 0x0000000711000000, 0x0000000711000000|100%| E|CS|TAMS 0x0000000710f00000, 0x0000000710f00000| Complete 
| 246|0x0000000711000000, 0x0000000711100000, 0x0000000711100000|100%| E|CS|TAMS 0x0000000711000000, 0x0000000711000000| Complete 
| 247|0x0000000711100000, 0x0000000711200000, 0x0000000711200000|100%| E|CS|TAMS 0x0000000711100000, 0x0000000711100000| Complete 
| 248|0x0000000711200000, 0x0000000711300000, 0x0000000711300000|100%| E|CS|TAMS 0x0000000711200000, 0x0000000711200000| Complete 
| 249|0x0000000711300000, 0x0000000711400000, 0x0000000711400000|100%| E|CS|TAMS 0x0000000711300000, 0x0000000711300000| Complete 
| 250|0x0000000711400000, 0x0000000711500000, 0x0000000711500000|100%| E|CS|TAMS 0x0000000711400000, 0x0000000711400000| Complete 
| 251|0x0000000711500000, 0x0000000711600000, 0x0000000711600000|100%| E|CS|TAMS 0x0000000711500000, 0x0000000711500000| Complete 
| 252|0x0000000711600000, 0x0000000711700000, 0x0000000711700000|100%| E|CS|TAMS 0x0000000711600000, 0x0000000711600000| Complete 
| 253|0x0000000711700000, 0x0000000711800000, 0x0000000711800000|100%| E|CS|TAMS 0x0000000711700000, 0x0000000711700000| Complete 
| 254|0x0000000711800000, 0x0000000711900000, 0x0000000711900000|100%| E|CS|TAMS 0x0000000711800000, 0x0000000711800000| Complete 
| 255|0x0000000711900000, 0x0000000711a00000, 0x0000000711a00000|100%| E|CS|TAMS 0x0000000711900000, 0x0000000711900000| Complete 

Card table byte_map: [0x000001bfdc230000,0x000001bfdca30000] _byte_map_base: 0x000001bfd8a23000

Marking Bits (Prev, Next): (CMBitMap*) 0x000001bfc3f84fc8, (CMBitMap*) 0x000001bfc3f85008
 Prev Bits: [0x000001bfdd230000, 0x000001bfe11c8000)
 Next Bits: [0x000001bfe11d0000, 0x000001bfe5168000)

Polling page: 0x000001bfc1970000

Metaspace:

Usage:
  Non-class:      9.36 MB capacity,     9.27 MB (>99%) used,    66.05 KB ( <1%) free+waste,    22.38 KB ( <1%) overhead. 
      Class:      1.33 MB capacity,     1.21 MB ( 91%) used,   101.76 KB (  7%) free+waste,    13.94 KB (  1%) overhead. 
       Both:     10.68 MB capacity,    10.48 MB ( 98%) used,   167.81 KB (  2%) free+waste,    36.31 KB ( <1%) overhead. 

Virtual space:
  Non-class space:       10.00 MB reserved,       9.50 MB ( 95%) committed 
      Class space:        1.00 GB reserved,       1.38 MB ( <1%) committed 
             Both:        1.01 GB reserved,      10.88 MB (  1%) committed 

Chunk freelists:
   Non-Class:  20.00 KB
       Class:  17.00 KB
        Both:  37.00 KB

MaxMetaspaceSize: 17179869184.00 GB
CompressedClassSpaceSize: 1.00 GB

CodeHeap 'non-profiled nmethods': size=120000Kb used=391Kb max_used=391Kb free=119608Kb
 bounds [0x000001bfd41d0000, 0x000001bfd4440000, 0x000001bfdb700000]
CodeHeap 'profiled nmethods': size=120000Kb used=2492Kb max_used=2492Kb free=117507Kb
 bounds [0x000001bfccca0000, 0x000001bfccf10000, 0x000001bfd41d0000]
CodeHeap 'non-nmethods': size=5760Kb used=1308Kb max_used=1319Kb free=4451Kb
 bounds [0x000001bfcc700000, 0x000001bfcc970000, 0x000001bfccca0000]
 total_blobs=1988 nmethods=1390 adapters=510
 compilation: enabled
              stopped_count=0, restarted_count=0
 full_count=0

Compilation events (20 events):
Event: 24.130 Thread 0x000001bfe85f7800 1382       3       java.lang.Math::max (45 bytes)
Event: 24.130 Thread 0x000001bfe85f7800 nmethod 1382 0x000001bfccf07610 code [0x000001bfccf077c0, 0x000001bfccf07ab8]
Event: 24.130 Thread 0x000001bfe85f7800 1381       1       java.awt.BasicStroke::getLineJoin (5 bytes)
Event: 24.130 Thread 0x000001bfe85f7800 nmethod 1381 0x000001bfd4230f10 code [0x000001bfd42310a0, 0x000001bfd4231178]
Event: 24.159 Thread 0x000001bfe85f7800 1383       1       java.util.IdentityHashMap::size (5 bytes)
Event: 24.159 Thread 0x000001bfe85f7800 nmethod 1383 0x000001bfd4231210 code [0x000001bfd42313a0, 0x000001bfd4231478]
Event: 27.251 Thread 0x000001bfe85f7800 1384       3       com.fazecast.jSerialComm.SerialPort$SerialPortEventListener::waitForSerialEvent (608 bytes)
Event: 27.259 Thread 0x000001bfe85f7800 nmethod 1384 0x000001bfccf07b90 code [0x000001bfccf08080, 0x000001bfccf0b588]
Event: 27.259 Thread 0x000001bfe85f7800 1385       3       com.fazecast.jSerialComm.SerialPort::access$600 (6 bytes)
Event: 27.259 Thread 0x000001bfe85f7800 nmethod 1385 0x000001bfccf0c890 code [0x000001bfccf0ca40, 0x000001bfccf0cb48]
Event: 27.259 Thread 0x000001bfe85f7800 1386       3       com.fazecast.jSerialComm.SerialPortEvent::<init> (16 bytes)
Event: 27.259 Thread 0x000001bfe85f7800 nmethod 1386 0x000001bfccf0cc10 code [0x000001bfccf0cde0, 0x000001bfccf0d168]
Event: 36.892 Thread 0x000001bfe85f7800 1387       3       java.awt.Component::getGraphics (124 bytes)
Event: 36.894 Thread 0x000001bfe85f7800 nmethod 1387 0x000001bfccf0d290 code [0x000001bfccf0d500, 0x000001bfccf0e268]
Event: 37.623 Thread 0x000001bfe85f7800 1388       1       java.util.Collections$EmptyList::isEmpty (2 bytes)
Event: 37.624 Thread 0x000001bfe85f7800 nmethod 1388 0x000001bfd4231510 code [0x000001bfd42316a0, 0x000001bfd4231778]
Event: 37.626 Thread 0x000001bfe85f7800 1389       3       java.beans.PropertyChangeSupport::firePropertyChange (35 bytes)
Event: 37.626 Thread 0x000001bfe85f7800 nmethod 1389 0x000001bfccf0e510 code [0x000001bfccf0e720, 0x000001bfccf0ef08]
Event: 37.627 Thread 0x000001bfe85f7800 1390       1       java.awt.image.ColorModel::getPixelSize (5 bytes)
Event: 37.627 Thread 0x000001bfe85f7800 nmethod 1390 0x000001bfd4231810 code [0x000001bfd42319a0, 0x000001bfd4231a78]

GC Heap History (0 events):
No events

Deoptimization events (20 events):
Event: 0.256 Thread 0x000001bfc3f1d800 Uncommon trap: trap_request=0xffffffde fr.pc=0x000001bfd41da7cc relative=0x00000000000001ac
Event: 0.256 Thread 0x000001bfc3f1d800 Uncommon trap: reason=class_check action=maybe_recompile pc=0x000001bfd41da7cc method=java.lang.String.equals(Ljava/lang/Object;)Z @ 8 c2
Event: 0.256 Thread 0x000001bfc3f1d800 DEOPT PACKING pc=0x000001bfd41da7cc sp=0x0000000408bfe710
Event: 0.256 Thread 0x000001bfc3f1d800 DEOPT UNPACKING pc=0x000001bfcc74912f sp=0x0000000408bfe6b8 mode 2
Event: 0.303 Thread 0x000001bfe932f800 Uncommon trap: trap_request=0xffffff45 fr.pc=0x000001bfd41dcbb4 relative=0x0000000000000834
Event: 0.303 Thread 0x000001bfe932f800 Uncommon trap: reason=unstable_if action=reinterpret pc=0x000001bfd41dcbb4 method=java.util.HashMap.putVal(ILjava/lang/Object;Ljava/lang/Object;ZZ)Ljava/lang/Object; @ 181 c2
Event: 0.303 Thread 0x000001bfe932f800 DEOPT PACKING pc=0x000001bfd41dcbb4 sp=0x0000000409ffde80
Event: 0.303 Thread 0x000001bfe932f800 DEOPT UNPACKING pc=0x000001bfcc74912f sp=0x0000000409ffde10 mode 2
Event: 0.325 Thread 0x000001bfc3f1d800 Uncommon trap: trap_request=0xffffff45 fr.pc=0x000001bfd41e0768 relative=0x0000000000000068
Event: 0.325 Thread 0x000001bfc3f1d800 Uncommon trap: reason=unstable_if action=reinterpret pc=0x000001bfd41e0768 method=java.lang.String.isLatin1()Z @ 10 c2
Event: 0.325 Thread 0x000001bfc3f1d800 DEOPT PACKING pc=0x000001bfd41e0768 sp=0x0000000408bfd370
Event: 0.325 Thread 0x000001bfc3f1d800 DEOPT UNPACKING pc=0x000001bfcc74912f sp=0x0000000408bfd300 mode 2
Event: 1.045 Thread 0x000001bfe76a9800 Uncommon trap: trap_request=0xffffff45 fr.pc=0x000001bfd41dda24 relative=0x0000000000000084
Event: 1.045 Thread 0x000001bfe76a9800 Uncommon trap: reason=unstable_if action=reinterpret pc=0x000001bfd41dda24 method=java.lang.String.isLatin1()Z @ 10 c2
Event: 1.045 Thread 0x000001bfe76a9800 DEOPT PACKING pc=0x000001bfd41dda24 sp=0x00000004095fe3b0
Event: 1.045 Thread 0x000001bfe76a9800 DEOPT UNPACKING pc=0x000001bfcc74912f sp=0x00000004095fe2f0 mode 2
Event: 1.351 Thread 0x000001bfe93ce800 DEOPT PACKING pc=0x000001bfccdd3d0d sp=0x000000040a0fcc10
Event: 1.351 Thread 0x000001bfe93ce800 DEOPT UNPACKING pc=0x000001bfcc74964e sp=0x000000040a0fc050 mode 0
Event: 24.017 Thread 0x000001bfe93ce800 DEOPT PACKING pc=0x000001bfcce1b3bc sp=0x000000040a0fcbd0
Event: 24.017 Thread 0x000001bfe93ce800 DEOPT UNPACKING pc=0x000001bfcc74964e sp=0x000000040a0fc088 mode 0

Classes unloaded (0 events):
No events

Classes redefined (0 events):
No events

Internal exceptions (13 events):
Event: 0.105 Thread 0x000001bfc3f1d800 Exception <a 'java/lang/ClassNotFoundException'{0x00000007117057d8}: sun/awt/resources/spi/awtProvider> (0x00000007117057d8) 
thrown [./src/hotspot/share/classfile/systemDictionary.cpp, line 232]
Event: 0.122 Thread 0x000001bfc3f1d800 Exception <a 'java/io/FileNotFoundException'{0x0000000711756638}> (0x0000000711756638) 
thrown [./src/hotspot/share/prims/jni.cpp, line 598]
Event: 0.127 Thread 0x000001bfc3f1d800 Exception <a 'java/io/FileNotFoundException'{0x000000071177d290}> (0x000000071177d290) 
thrown [./src/hotspot/share/prims/jni.cpp, line 598]
Event: 0.158 Thread 0x000001bfe932f800 Exception <a 'java/lang/NoSuchMethodError'{0x00000007117fb2a8}: 'void java.lang.invoke.DirectMethodHandle$Holder.invokeSpecial(java.lang.Object, java.lang.Object)'> (0x00000007117fb2a8) 
thrown [./src/hotspot/share/interpreter/linkResolver.cpp, line 767]
Event: 0.174 Thread 0x000001bfc3f1d800 Exception <a 'java/lang/NoSuchMethodError'{0x000000071161cb60}: 'java.lang.Object java.lang.invoke.DirectMethodHandle$Holder.invokeStatic(java.lang.Object, int, java.lang.Object, java.lang.Object, java.lang.Object, java.lang.Object)'> (0x000000071161cb60) 
thrown [./src/hotspot/share/interpreter/linkResolver.cpp, line 767]
Event: 0.174 Thread 0x000001bfc3f1d800 Exception <a 'java/lang/NoSuchMethodError'{0x00000007116234c0}: 'java.lang.Object java.lang.invoke.DirectMethodHandle$Holder.invokeStatic(java.lang.Object, int, java.lang.Object, java.lang.Object, java.lang.Object)'> (0x00000007116234c0) 
thrown [./src/hotspot/share/interpreter/linkResolver.cpp, line 767]
Event: 0.175 Thread 0x000001bfc3f1d800 Exception <a 'java/lang/NoSuchMethodError'{0x0000000711626d28}: 'java.lang.Object java.lang.invoke.DirectMethodHandle$Holder.invokeSpecial(java.lang.Object, java.lang.Object, int, java.lang.Object, java.lang.Object, java.lang.Object)'> (0x0000000711626d28) 
thrown [./src/hotspot/share/interpreter/linkResolver.cpp, line 767]
Event: 0.177 Thread 0x000001bfc3f1d800 Exception <a 'java/lang/NoSuchMethodError'{0x000000071163d050}: 'java.lang.Object java.lang.invoke.DirectMethodHandle$Holder.invokeStatic(java.lang.Object, int, java.lang.Object)'> (0x000000071163d050) 
thrown [./src/hotspot/share/interpreter/linkResolver.cpp, line 767]
Event: 0.196 Thread 0x000001bfc3f1d800 Exception <a 'java/lang/ClassNotFoundException'{0x00000007116e31a0}: com/sun/swing/internal/plaf/metal/resources/spi/metalProvider> (0x00000007116e31a0) 
thrown [./src/hotspot/share/classfile/systemDictionary.cpp, line 232]
Event: 0.197 Thread 0x000001bfc3f1d800 Exception <a 'java/lang/ClassNotFoundException'{0x00000007116e73f0}: com/sun/swing/internal/plaf/basic/resources/spi/basicProvider> (0x00000007116e73f0) 
thrown [./src/hotspot/share/classfile/systemDictionary.cpp, line 232]
Event: 0.315 Thread 0x000001bfc3f1d800 Exception <a 'java/lang/NoSuchMethodError'{0x0000000711303108}: 'void java.lang.invoke.DirectMethodHandle$Holder.invokeStaticInit(java.lang.Object)'> (0x0000000711303108) 
thrown [./src/hotspot/share/interpreter/linkResolver.cpp, line 767]
Event: 0.335 Thread 0x000001bfc3f1d800 Exception <a 'java/lang/NoSuchMethodError'{0x0000000711359a60}: 'java.lang.Object java.lang.invoke.Invokers$Holder.linkToTargetMethod(java.lang.Object, int, java.lang.Object)'> (0x0000000711359a60) 
thrown [./src/hotspot/share/interpreter/linkResolver.cpp, line 767]
Event: 1.848 Thread 0x000001bfe93ce800 Exception <a 'java/lang/ArrayIndexOutOfBoundsException'{0x00000007111a1f00}: Index 2 out of bounds for length 2> (0x00000007111a1f00) 
thrown [./src/hotspot/share/interpreter/interpreterRuntime.cpp, line 458]

Events (20 events):
Event: 3.203 Executing VM operation: RevokeBias done
Event: 3.204 Executing VM operation: HandshakeAllThreads
Event: 3.204 Executing VM operation: HandshakeAllThreads done
Event: 4.665 loading class java/awt/LightweightDispatcher$2
Event: 4.665 loading class java/awt/LightweightDispatcher$2 done
Event: 37.746 loading class jdk/internal/misc/Signal$1
Event: 37.746 loading class jdk/internal/misc/Signal$1 done
Event: 37.746 Thread 0x000001bfe949f000 Thread added: 0x000001bfe949f000
Event: 37.746 Thread 0x000001bfe8720000 Thread added: 0x000001bfe8720000
Event: 37.746 Thread 0x000001bfe8724800 Thread added: 0x000001bfe8724800
Event: 37.746 Thread 0x000001bfe871f000 Thread added: 0x000001bfe871f000
Event: 37.747 Thread 0x000001bfe8720000 Thread exited: 0x000001bfe8720000
Event: 37.747 Thread 0x000001bfe871f000 Thread exited: 0x000001bfe871f000
Event: 37.751 Executing VM operation: RevokeBias
Event: 37.751 Executing VM operation: RevokeBias done
Event: 37.751 Thread 0x000001bfe932f800 Thread exited: 0x000001bfe932f800
Event: 37.752 loading class java/lang/Throwable$WrappedPrintStream
Event: 37.752 loading class java/lang/Throwable$PrintStreamOrWriter
Event: 37.752 loading class java/lang/Throwable$PrintStreamOrWriter done
Event: 37.752 loading class java/lang/Throwable$WrappedPrintStream done


Dynamic libraries:
0x00007ff72e700000 - 0x00007ff72e70d000 	C:\Users\adamgontarczyk\.jdks\azul-13.0.10\bin\java.exe
0x000001bfc19c0000 - 0x000001bfc1bb0000 	C:\Windows\SYSTEM32\ntd1l.dll
0x000001bfc1890000 - 0x000001bfc1942000 	C:\Windows\System32\kern3l32.dll
0x00007ffdde8a0000 - 0x00007ffddea90000 	C:\Windows\SYSTEM32\ntdll.dll
0x00007ffddd8d0000 - 0x00007ffddd982000 	C:\Windows\System32\KERNEL32.DLL
0x00007ffddc320000 - 0x00007ffddc5c3000 	C:\Windows\System32\KERNELBASE.dll
0x00007ffddb460000 - 0x00007ffddb65e000 	C:\Program Files\SentinelOne\Sentinel Agent 21.7.5.1080\InProcessClient64.dll
0x00007ffddd7b0000 - 0x00007ffddd853000 	C:\Windows\System32\ADVAPI32.dll
0x00007ffddd640000 - 0x00007ffddd6de000 	C:\Windows\System32\msvcrt.dll
0x00007ffddd1d0000 - 0x00007ffddd267000 	C:\Windows\System32\sechost.dll
0x00007ffdde5f0000 - 0x00007ffdde710000 	C:\Windows\System32\RPCRT4.dll
0x00007ffddc080000 - 0x00007ffddc17a000 	C:\Windows\System32\ucrtbase.dll
0x00007ffdd7e00000 - 0x00007ffdd7e17000 	C:\Users\adamgontarczyk\.jdks\azul-13.0.10\bin\jli.dll
0x00007ffdd7dc0000 - 0x00007ffdd7dd5000 	C:\Users\adamgontarczyk\.jdks\azul-13.0.10\bin\VCRUNTIME140.dll
0x00007ffddc9b0000 - 0x00007ffddcb43000 	C:\Windows\System32\USER32.dll
0x00007ffddbfd0000 - 0x00007ffddbff1000 	C:\Windows\System32\win32u.dll
0x00007ffdc45b0000 - 0x00007ffdc4835000 	C:\Windows\WinSxS\amd64_microsoft.windows.common-controls_6595b64144ccf1df_6.0.18362.329_none_e6c7b0c7130c72de\COMCTL32.dll
0x00007ffddc960000 - 0x00007ffddc986000 	C:\Windows\System32\GDI32.dll
0x00007ffddd990000 - 0x00007ffdddcc6000 	C:\Windows\System32\combase.dll
0x00007ffddc6d0000 - 0x00007ffddc864000 	C:\Windows\System32\gdi32full.dll
0x00007ffddc000000 - 0x00007ffddc080000 	C:\Windows\System32\bcryptPrimitives.dll
0x00007ffddc630000 - 0x00007ffddc6ce000 	C:\Windows\System32\msvcp_win.dll
0x00007ffddb3b0000 - 0x00007ffddb3ba000 	C:\Windows\SYSTEM32\VERSION.dll
0x00007ffddd0f0000 - 0x00007ffddd11e000 	C:\Windows\System32\IMM32.DLL
0x00007ffdca330000 - 0x00007ffdca3cb000 	C:\Users\adamgontarczyk\.jdks\azul-13.0.10\bin\msvcp140.dll
0x00007ffd78260000 - 0x00007ffd78e55000 	C:\Users\adamgontarczyk\.jdks\azul-13.0.10\bin\server\jvm.dll
0x00007ffddc950000 - 0x00007ffddc958000 	C:\Windows\System32\PSAPI.DLL
0x00007ffdd5790000 - 0x00007ffdd5799000 	C:\Windows\SYSTEM32\WSOCK32.dll
0x00007ffddcc10000 - 0x00007ffddcc7f000 	C:\Windows\System32\WS2_32.dll
0x00007ffdd95b0000 - 0x00007ffdd95d4000 	C:\Windows\SYSTEM32\WINMM.dll
0x00007ffdd9580000 - 0x00007ffdd95ad000 	C:\Windows\SYSTEM32\WINMMBASE.dll
0x00007ffddc180000 - 0x00007ffddc1ca000 	C:\Windows\System32\cfgmgr32.dll
0x00007ffddb780000 - 0x00007ffddb791000 	C:\Windows\System32\kernel.appcore.dll
0x00007ffdd7df0000 - 0x00007ffdd7e00000 	C:\Users\adamgontarczyk\.jdks\azul-13.0.10\bin\verify.dll
0x00007ffdc4c60000 - 0x00007ffdc4e54000 	C:\Windows\SYSTEM32\DBGHELP.DLL
0x00007ffdc6540000 - 0x00007ffdc656a000 	C:\Windows\SYSTEM32\dbgcore.DLL
0x00007ffdd7ba0000 - 0x00007ffdd7bc6000 	C:\Users\adamgontarczyk\.jdks\azul-13.0.10\bin\java.dll
0x00007ffdd7db0000 - 0x00007ffdd7dba000 	C:\Users\adamgontarczyk\.jdks\azul-13.0.10\bin\jimage.dll
0x00007ffdd7b90000 - 0x00007ffdd7b9e000 	C:\Users\adamgontarczyk\.jdks\azul-13.0.10\bin\instrument.dll
0x00007ffdd6b30000 - 0x00007ffdd6b47000 	C:\Users\adamgontarczyk\.jdks\azul-13.0.10\bin\zip.dll
0x000001bfe8a20000 - 0x000001bfe9105000 	C:\Windows\System32\SHELL32.dll
0x00007ffddd6f0000 - 0x00007ffddd799000 	C:\Windows\System32\shcore.dll
0x00007ffddb830000 - 0x00007ffddbfae000 	C:\Windows\System32\windows.storage.dll
0x00007ffddb810000 - 0x00007ffddb82f000 	C:\Windows\System32\profapi.dll
0x00007ffddb7c0000 - 0x00007ffddb80a000 	C:\Windows\System32\powrprof.dll
0x00007ffddb770000 - 0x00007ffddb780000 	C:\Windows\System32\UMPDC.dll
0x00007ffddd420000 - 0x00007ffddd472000 	C:\Windows\System32\shlwapi.dll
0x00007ffddbfb0000 - 0x00007ffddbfc7000 	C:\Windows\System32\cryptsp.dll
0x00007ffdd5770000 - 0x00007ffdd5789000 	C:\Users\adamgontarczyk\.jdks\azul-13.0.10\bin\net.dll
0x00007ffdd0ad0000 - 0x00007ffdd0bc0000 	C:\Windows\SYSTEM32\WINHTTP.dll
0x00007ffddad70000 - 0x00007ffddadd7000 	C:\Windows\system32\mswsock.dll
0x00007ffdd5380000 - 0x00007ffdd5392000 	C:\Users\adamgontarczyk\.jdks\azul-13.0.10\bin\nio.dll
0x00007ffdd4640000 - 0x00007ffdd465a000 	C:\Automatyka\IDEA\IntelliJ IDEA Community Edition 2021.3.3\bin\breakgen64.dll
0x00007ffdbcf10000 - 0x00007ffdbd0a8000 	C:\Users\adamgontarczyk\.jdks\azul-13.0.10\bin\awt.dll
0x00007ffdde520000 - 0x00007ffdde5e4000 	C:\Windows\System32\OLEAUT32.dll
0x00007ffdd9380000 - 0x00007ffdd940f000 	C:\Windows\SYSTEM32\apphelp.dll
0x00007ffdd98e0000 - 0x00007ffdd9979000 	C:\Windows\system32\uxtheme.dll
0x00007ffddd500000 - 0x00007ffddd636000 	C:\Windows\System32\MSCTF.dll
0x00007ffdde3c0000 - 0x00007ffdde516000 	C:\Windows\System32\ole32.dll
0x00007ffdd9c30000 - 0x00007ffdd9c5d000 	C:\Windows\system32\DWMAPI.DLL
0x00007ffdcb360000 - 0x00007ffdcb394000 	C:\Users\adamgontarczyk\AppData\Local\Temp\jSerialComm\1649232943900-jSerialComm.dll
0x00007ffddcc80000 - 0x00007ffddd0f0000 	C:\Windows\System32\SETUPAPI.dll
0x00007ffddc920000 - 0x00007ffddc946000 	C:\Windows\System32\bcrypt.dll
0x00007ffddb360000 - 0x00007ffddb38a000 	C:\Windows\SYSTEM32\DEVOBJ.dll
0x00007ffddc5d0000 - 0x00007ffddc62c000 	C:\Windows\System32\WINTRUST.dll
0x00007ffddb7a0000 - 0x00007ffddb7b2000 	C:\Windows\System32\MSASN1.dll
0x00007ffddc1d0000 - 0x00007ffddc319000 	C:\Windows\System32\CRYPT32.dll
0x00007ffdb3e80000 - 0x00007ffdb3fd6000 	C:\Windows\system32\opengl32.dll
0x00007ffdb4c60000 - 0x00007ffdb4c8c000 	C:\Windows\SYSTEM32\GLU32.dll
0x00007ffdda1d0000 - 0x00007ffdda1f0000 	C:\Windows\SYSTEM32\dxcore.dll
0x00007ffdc52b0000 - 0x00007ffdc5336000 	C:\Users\adamgontarczyk\.jdks\azul-13.0.10\bin\freetype.dll
0x00007ffdc4380000 - 0x00007ffdc4425000 	C:\Users\adamgontarczyk\.jdks\azul-13.0.10\bin\fontmanager.dll
0x00007ffddd120000 - 0x00007ffddd1c2000 	C:\Windows\System32\clbcatq.dll
0x00007ffdd50c0000 - 0x00007ffdd526f000 	C:\Windows\SYSTEM32\WindowsCodecs.dll
0x00007ffdd05f0000 - 0x00007ffdd068e000 	C:\Windows\System32\TextInputFramework.dll
0x00007ffdd5dd0000 - 0x00007ffdd60fa000 	C:\Windows\System32\CoreUIComponents.dll
0x00007ffdd9170000 - 0x00007ffdd9244000 	C:\Windows\System32\CoreMessaging.dll
0x00007ffdda590000 - 0x00007ffdda5c1000 	C:\Windows\SYSTEM32\ntmarta.dll
0x00007ffdd7110000 - 0x00007ffdd7263000 	C:\Windows\SYSTEM32\wintypes.dll
0x00007ffdcc4e0000 - 0x00007ffdcc786000 	C:\Windows\System32\iertutil.dll

dbghelp: loaded successfully - version: 4.0.5 - missing functions: none
symbol engine: initialized successfully - sym options: 0x614 - pdb path: .;C:\Users\adamgontarczyk\.jdks\azul-13.0.10\bin;C:\Windows\SYSTEM32;C:\Program Files\SentinelOne\Sentinel Agent 21.7.5.1080;C:\Windows\WinSxS\amd64_microsoft.windows.common-controls_6595b64144ccf1df_6.0.18362.329_none_e6c7b0c7130c72de;C:\Users\adamgontarczyk\.jdks\azul-13.0.10\bin\server;C:\Automatyka\IDEA\IntelliJ IDEA Community Edition 2021.3.3\bin;C:\Users\adamgontarczyk\AppData\Local\Temp\jSerialComm

VM Arguments:
jvm_args: -javaagent:C:\Automatyka\IDEA\IntelliJ IDEA Community Edition 2021.3.3\lib\idea_rt.jar=49173:C:\Automatyka\IDEA\IntelliJ IDEA Community Edition 2021.3.3\bin -Dfile.encoding=UTF-8 
java_command: app.aplication
java_class_path (initial): C:\Automatyka\Projekty\javaWorkspace\javalocki i c\rotaryPendulum\out\production\rotaryPendulum;C:\Automatyka\Projekty\javaWorkspace\javalocki i c\rotaryPendulum\jSerialComm-2.9.0.jar
Launcher Type: SUN_STANDARD

[Global flags]
     intx CICompilerCount                          = 4                                         {product} {ergonomic}
     uint ConcGCThreads                            = 2                                         {product} {ergonomic}
     uint G1ConcRefinementThreads                  = 8                                         {product} {ergonomic}
   size_t G1HeapRegionSize                         = 1048576                                   {product} {ergonomic}
    uintx GCDrainStackTargetSize                   = 64                                        {product} {ergonomic}
   size_t InitialHeapSize                          = 268435456                                 {product} {ergonomic}
   size_t MarkStackSize                            = 4194304                                   {product} {ergonomic}
   size_t MaxHeapSize                              = 4267704320                                {product} {ergonomic}
   size_t MaxNewSize                               = 2560622592                                {product} {ergonomic}
   size_t MinHeapDeltaBytes                        = 1048576                                   {product} {ergonomic}
   size_t MinHeapSize                              = 8388608                                   {product} {ergonomic}
    uintx NonNMethodCodeHeapSize                   = 5839372                                {pd product} {ergonomic}
    uintx NonProfiledCodeHeapSize                  = 122909434                              {pd product} {ergonomic}
    uintx ProfiledCodeHeapSize                     = 122909434                              {pd product} {ergonomic}
    uintx ReservedCodeCacheSize                    = 251658240                              {pd product} {ergonomic}
     bool SegmentedCodeCache                       = true                                      {product} {ergonomic}
   size_t SoftMaxHeapSize                          = 4267704320                             {manageable} {ergonomic}
     bool UseCompressedClassPointers               = true                                 {lp64_product} {ergonomic}
     bool UseCompressedOops                        = true                                 {lp64_product} {ergonomic}
     bool UseG1GC                                  = true                                      {product} {ergonomic}
     bool UseLargePagesIndividualAllocation        = false                                  {pd product} {ergonomic}

Logging:
Log output configuration:
 #0: stdout all=warning uptime,level,tags
 #1: stderr all=off uptime,level,tags

Environment Variables:
PATH=C:\Windows\system32;C:\Windows;C:\Windows\System32\Wbem;C:\Windows\System32\WindowsPowerShell\v1.0\;C:\Windows\System32\OpenSSH\;C:\Program Files (x86)\Intel\Intel(R) Management Engine Components\DAL;C:\Program Files\Intel\Intel(R) Management Engine Components\DAL;C:\Program Files\Microsoft SQL Server\110\Tools\Binn\;C:\Users\adamgontarczyk\AppData\Local\Microsoft\WindowsApps;C:\Program Files (x86)\Common Files\Hilscher GmbH\TLRDecode
USERNAME=AdamGONTARCZYK
OS=Windows_NT
PROCESSOR_IDENTIFIER=Intel64 Family 6 Model 142 Stepping 12, GenuineIntel



---------------  S Y S T E M  ---------------

OS: Windows 10 , 64 bit Build 18362 (10.0.18362.329)
OS uptime: 0 days 3:15 hours

CPU:total 8 (initial active 8) (4 cores per cpu, 2 threads per core) family 6 model 142 stepping 12, cmov, cx8, fxsr, mmx, sse, sse2, sse3, ssse3, sse4.1, sse4.2, popcnt, avx, avx2, aes, clmul, erms, 3dnowpref, lzcnt, ht, tsc, tscinvbit, bmi1, bmi2, adx, fma

Memory: 4k page, system-wide physical 16277M (8188M free)
TotalPageFile size 18709M (AvailPageFile size 9132M)
current process WorkingSet (physical memory assigned to process): 74M, peak: 78M
current process commit charge ("private bytes"): 366M, peak: 371M

vm_info: OpenJDK 64-Bit Server VM (13.0.10+5-MTS) for windows-amd64 JRE (13.0.10+5-MTS) (Zulu13.46+15-CA), built on Dec 28 2021 15:42:39 by "zulu_re" with MS VC++ 15.9 (VS2017)

END.
